#
# There is insufficient memory for the Java Runtime Environment to continue.
# Native memory allocation (malloc) failed to allocate 32744 bytes for ChunkPool::allocate
# Possible reasons:
#   The system is out of physical RAM or swap space
#   The process is running with CompressedOops enabled, and the Java Heap may be blocking the growth of the native heap
# Possible solutions:
#   Reduce memory load on the system
#   Increase physical memory or swap space
#   Check if swap backing store is full
#   Decrease Java heap size (-Xmx/-Xms)
#   Decrease number of Java threads
#   Decrease Java thread stack sizes (-Xss)
#   Set larger code cache with -XX:ReservedCodeCacheSize=
#   JVM is running with Zero Based Compressed Oops mode in which the Java heap is
#     placed in the first 32GB address space. The Java Heap base address is the
#     maximum limit for the native heap growth. Please use -XX:HeapBaseMinAddress
#     to set the Java Heap base and to place the Java Heap above 32GB virtual address.
# This output file may be truncated or incomplete.
#
#  Out of Memory Error (arena.cpp:78), pid=11364, tid=21844
#
# JRE version: Java(TM) SE Runtime Environment (17.0.9+11) (build 17.0.9+11-LTS-201)
# Java VM: Java HotSpot(TM) 64-Bit Server VM (17.0.9+11-LTS-201, mixed mode, sharing, tiered, compressed oops, compressed class ptrs, g1 gc, windows-amd64)
# No core dump will be written. Minidumps are not enabled by default on client versions of Windows
#

---------------  S U M M A R Y ------------

Command Line: --add-opens=java.base/java.util=ALL-UNNAMED --add-opens=java.base/java.lang=ALL-UNNAMED --add-opens=java.base/java.lang.invoke=ALL-UNNAMED --add-opens=java.prefs/java.util.prefs=ALL-UNNAMED --add-opens=java.base/java.nio.charset=ALL-UNNAMED --add-opens=java.base/java.net=ALL-UNNAMED --add-opens=java.base/java.util.concurrent.atomic=ALL-UNNAMED -Xmx3G -Dfile.encoding=windows-1252 -Duser.country=GB -Duser.language=en -Duser.variant -javaagent:C:\Users\mfauv\.gradle\wrapper\dists\gradle-8.1.1-bin\9wiye5v2saajue4irfo8ybqfp\gradle-8.1.1\lib\agents\gradle-instrumentation-agent-8.1.1.jar org.gradle.launcher.daemon.bootstrap.GradleDaemon 8.1.1

Host: 12th Gen Intel(R) Core(TM) i7-12650H, 16 cores, 15G,  Windows 11 , 64 bit Build 22621 (10.0.22621.3235)
Time: Mon Apr  8 20:00:44 2024 GMT Summer Time elapsed time: 20.643295 seconds (0d 0h 0m 20s)

---------------  T H R E A D  ---------------

Current thread (0x000001cc962cb870):  JavaThread "C2 CompilerThread2" daemon [_thread_in_native, id=21844, stack(0x0000005230d00000,0x0000005230e00000)]


Current CompileTask:
C2:  20643 14011       4       com.sun.tools.javac.comp.Attr::visitIdent (582 bytes)

Stack: [0x0000005230d00000,0x0000005230e00000]
Native frames: (J=compiled Java code, j=interpreted, Vv=VM code, C=native code)
V  [jvm.dll+0x678a4a]
V  [jvm.dll+0x7d9cfd]
V  [jvm.dll+0x7db60e]
V  [jvm.dll+0x7dbc73]
V  [jvm.dll+0x245e1f]
V  [jvm.dll+0xaad50]
V  [jvm.dll+0xab09c]
V  [jvm.dll+0x124af8]
V  [jvm.dll+0x123af2]
V  [jvm.dll+0x67dfbe]
V  [jvm.dll+0x218506]
V  [jvm.dll+0x217561]
V  [jvm.dll+0x1a3bc0]
V  [jvm.dll+0x2272de]
V  [jvm.dll+0x22548b]
V  [jvm.dll+0x78f58c]
V  [jvm.dll+0x78998a]
V  [jvm.dll+0x677875]
C  [ucrtbase.dll+0x29363]
C  [KERNEL32.DLL+0x1257d]
C  [ntdll.dll+0x5aa58]


---------------  P R O C E S S  ---------------

Threads class SMR info:
_java_thread_list=0x000001cc970cab80, length=156, elements={
0x000001cc27547390, 0x000001cc4a7e9dd0, 0x000001cc4a7eaa50, 0x000001cc4a7ff180,
0x000001cc4a7ffb40, 0x000001cc4a800b10, 0x000001cc4a8038f0, 0x000001cc4a804690,
0x000001cc4a808e60, 0x000001cc4a80a780, 0x000001cc4a7d5030, 0x000001cc4aa22350,
0x000001cc4ab621f0, 0x000001cc916913a0, 0x000001cc9169f790, 0x000001cc917e7590,
0x000001cc91d3a860, 0x000001cc91d3c5a0, 0x000001cc90e36da0, 0x000001cc91d461b0,
0x000001cc926a4a10, 0x000001cc926a1260, 0x000001cc926a4500, 0x000001cc926a1770,
0x000001cc926a2190, 0x000001cc926a26a0, 0x000001cc926a2bb0, 0x000001cc926a35d0,
0x000001cc926a3ae0, 0x000001cc926a3ff0, 0x000001cc936fd1d0, 0x000001cc936f9a20,
0x000001cc936fc2a0, 0x000001cc936fbd90, 0x000001cc93700e90, 0x000001cc936fc7b0,
0x000001cc936fa440, 0x000001cc936fb370, 0x000001cc936fb880, 0x000001cc936ff030,
0x000001cc936fe100, 0x000001cc936ff540, 0x000001cc93700470, 0x000001cc93700980,
0x000001cc937013a0, 0x000001cc936fae60, 0x000001cc936fe610, 0x000001cc936f9f30,
0x000001cc936fd6e0, 0x000001cc936fa950, 0x000001cc92b87790, 0x000001cc92b83fe0,
0x000001cc92b84f10, 0x000001cc92b85420, 0x000001cc92b85930, 0x000001cc92b86350,
0x000001cc92b86860, 0x000001cc92b86d70, 0x000001cc92b87280, 0x000001cc9266fcc0,
0x000001cc926743a0, 0x000001cc92671b20, 0x000001cc92673470, 0x000001cc92671610,
0x000001cc92676200, 0x000001cc92672540, 0x000001cc92673e90, 0x000001cc926706e0,
0x000001cc926748b0, 0x000001cc92673980, 0x000001cc92670bf0, 0x000001cc926752d0,
0x000001cc926757e0, 0x000001cc92675cf0, 0x000001cc92676710, 0x000001cc92676c20,
0x000001cc92677130, 0x000001cc92677640, 0x000001cc926701d0, 0x000001cc95048720,
0x000001cc95047d00, 0x000001cc95048c30, 0x000001cc950426f0, 0x000001cc950463b0,
0x000001cc95044a60, 0x000001cc95044550, 0x000001cc950468c0, 0x000001cc95046dd0,
0x000001cc95049140, 0x000001cc950472e0, 0x000001cc95043b30, 0x000001cc950477f0,
0x000001cc95048210, 0x000001cc95041cd0, 0x000001cc950421e0, 0x000001cc95044f70,
0x000001cc95044040, 0x000001cc95049650, 0x000001cc95042c00, 0x000001cc95045480,
0x000001cc95043620, 0x000001cc95045990, 0x000001cc95045ea0, 0x000001cc9504ac10,
0x000001cc9504a1f0, 0x000001cc9504c050, 0x000001cc9504cf80, 0x000001cc9504b120,
0x000001cc95049ce0, 0x000001cc9504bb40, 0x000001cc9504a700, 0x000001cc9504d490,
0x000001cc9504c560, 0x000001cc9504ca70, 0x000001cc92672f60, 0x000001cc936fdbf0,
0x000001cc92b19f10, 0x000001cc92b1c280, 0x000001cc92b1c790, 0x000001cc92b1a420,
0x000001cc92b18fe0, 0x000001cc92b1b860, 0x000001cc92b1b350, 0x000001cc92b194f0,
0x000001cc92b1a930, 0x000001cc92b1ae40, 0x000001cc96c5a570, 0x000001cc96c54f60,
0x000001cc96c572d0, 0x000001cc96c577e0, 0x000001cc96c56dc0, 0x000001cc96c59b50,
0x000001cc96c58710, 0x000001cc96c5af90, 0x000001cc96c53b20, 0x000001cc96c58c20,
0x000001cc96c57cf0, 0x000001cc96c55470, 0x000001cc96c5b4a0, 0x000001cc96c5a060,
0x000001cc96c59130, 0x000001cc96c54030, 0x000001cc96c54540, 0x000001cc96c563a0,
0x000001cc96c568b0, 0x000001cc96c5aa80, 0x000001cc96c54a50, 0x000001cc96c58200,
0x000001cc96c55980, 0x000001cc92342810, 0x000001cc9233c2d0, 0x000001cc923413d0,
0x000001cc92225590, 0x000001cc922235b0, 0x000001cc92224050, 0x000001cc962cb870
}

Java Threads: ( => current thread )
  0x000001cc27547390 JavaThread "main" [_thread_blocked, id=5536, stack(0x000000522f900000,0x000000522fa00000)]
  0x000001cc4a7e9dd0 JavaThread "Reference Handler" daemon [_thread_blocked, id=4788, stack(0x0000005230000000,0x0000005230100000)]
  0x000001cc4a7eaa50 JavaThread "Finalizer" daemon [_thread_blocked, id=27520, stack(0x0000005230100000,0x0000005230200000)]
  0x000001cc4a7ff180 JavaThread "Signal Dispatcher" daemon [_thread_blocked, id=21344, stack(0x0000005230200000,0x0000005230300000)]
  0x000001cc4a7ffb40 JavaThread "Attach Listener" daemon [_thread_blocked, id=20184, stack(0x0000005230300000,0x0000005230400000)]
  0x000001cc4a800b10 JavaThread "Service Thread" daemon [_thread_blocked, id=17412, stack(0x0000005230400000,0x0000005230500000)]
  0x000001cc4a8038f0 JavaThread "Monitor Deflation Thread" daemon [_thread_blocked, id=5356, stack(0x0000005230500000,0x0000005230600000)]
  0x000001cc4a804690 JavaThread "C2 CompilerThread0" daemon [_thread_in_native, id=23736, stack(0x0000005230600000,0x0000005230700000)]
  0x000001cc4a808e60 JavaThread "C1 CompilerThread0" daemon [_thread_blocked, id=11292, stack(0x0000005230700000,0x0000005230800000)]
  0x000001cc4a80a780 JavaThread "Sweeper thread" daemon [_thread_blocked, id=9880, stack(0x0000005230800000,0x0000005230900000)]
  0x000001cc4a7d5030 JavaThread "Common-Cleaner" daemon [_thread_blocked, id=7584, stack(0x0000005230900000,0x0000005230a00000)]
  0x000001cc4aa22350 JavaThread "C1 CompilerThread1" daemon [_thread_blocked, id=22768, stack(0x0000005230a00000,0x0000005230b00000)]
  0x000001cc4ab621f0 JavaThread "Notification Thread" daemon [_thread_blocked, id=21712, stack(0x0000005230f00000,0x0000005231000000)]
  0x000001cc916913a0 JavaThread "Daemon health stats" [_thread_blocked, id=11836, stack(0x0000005231700000,0x0000005231800000)]
  0x000001cc9169f790 JavaThread "Incoming local TCP Connector on port 52988" [_thread_in_native, id=7316, stack(0x0000005231800000,0x0000005231900000)]
  0x000001cc917e7590 JavaThread "Daemon periodic checks" [_thread_blocked, id=25320, stack(0x0000005231900000,0x0000005231a00000)]
  0x000001cc91d3a860 JavaThread "Daemon" [_thread_blocked, id=22228, stack(0x0000005231a00000,0x0000005231b00000)]
  0x000001cc91d3c5a0 JavaThread "Handler for socket connection from /127.0.0.1:52988 to /127.0.0.1:52989" [_thread_in_native, id=15840, stack(0x0000005231b00000,0x0000005231c00000)]
  0x000001cc90e36da0 JavaThread "Cancel handler" [_thread_blocked, id=20508, stack(0x0000005231c00000,0x0000005231d00000)]
  0x000001cc91d461b0 JavaThread "Daemon worker" [_thread_blocked, id=21180, stack(0x0000005231d00000,0x0000005231e00000)]
  0x000001cc926a4a10 JavaThread "Asynchronous log dispatcher for DefaultDaemonConnection: socket connection from /127.0.0.1:52988 to /127.0.0.1:52989" [_thread_blocked, id=16224, stack(0x0000005231e00000,0x0000005231f00000)]
  0x000001cc926a1260 JavaThread "Stdin handler" [_thread_blocked, id=10756, stack(0x0000005231f00000,0x0000005232000000)]
  0x000001cc926a4500 JavaThread "Daemon client event forwarder" [_thread_blocked, id=1876, stack(0x0000005232000000,0x0000005232100000)]
  0x000001cc926a1770 JavaThread "Cache worker for journal cache (C:\Users\mfauv\.gradle\caches\journal-1)" [_thread_blocked, id=19320, stack(0x0000005232100000,0x0000005232200000)]
  0x000001cc926a2190 JavaThread "File lock request listener" [_thread_in_native, id=23868, stack(0x0000005232200000,0x0000005232300000)]
  0x000001cc926a26a0 JavaThread "Cache worker for file hash cache (C:\Users\mfauv\.gradle\caches\8.1.1\fileHashes)" [_thread_blocked, id=23828, stack(0x0000005230e00000,0x0000005230f00000)]
  0x000001cc926a2bb0 JavaThread "File watcher server" daemon [_thread_in_native, id=19064, stack(0x0000005232300000,0x0000005232400000)]
  0x000001cc926a35d0 JavaThread "File watcher consumer" daemon [_thread_blocked, id=6600, stack(0x0000005232400000,0x0000005232500000)]
  0x000001cc926a3ae0 JavaThread "Cache worker for checksums cache (C:\Users\mfauv\Unity Projects\Flans mod\Create Love and War\.gradle\8.1.1\checksums)" [_thread_blocked, id=21256, stack(0x0000005232500000,0x0000005232600000)]
  0x000001cc926a3ff0 JavaThread "Cache worker for cache directory md-rule (C:\Users\mfauv\.gradle\caches\8.1.1\md-rule)" [_thread_blocked, id=14444, stack(0x0000005232600000,0x0000005232700000)]
  0x000001cc936fd1d0 JavaThread "Cache worker for file content cache (C:\Users\mfauv\.gradle\caches\8.1.1\fileContent)" [_thread_blocked, id=26004, stack(0x0000005232700000,0x0000005232800000)]
  0x000001cc936f9a20 JavaThread "Cache worker for file hash cache (C:\Users\mfauv\Unity Projects\Flans mod\Create Love and War\.gradle\8.1.1\fileHashes)" [_thread_blocked, id=27984, stack(0x0000005233100000,0x0000005233200000)]
  0x000001cc936fc2a0 JavaThread "Cache worker for cache directory md-supplier (C:\Users\mfauv\.gradle\caches\8.1.1\md-supplier)" [_thread_blocked, id=24008, stack(0x0000005233200000,0x0000005233300000)]
  0x000001cc936fbd90 JavaThread "Cache worker for execution history cache (C:\Users\mfauv\.gradle\caches\8.1.1\executionHistory)" [_thread_blocked, id=9428, stack(0x0000005231600000,0x0000005231700000)]
  0x000001cc93700e90 JavaThread "jar transforms" [_thread_blocked, id=5968, stack(0x0000005233400000,0x0000005233500000)]
  0x000001cc936fc7b0 JavaThread "jar transforms Thread 2" [_thread_blocked, id=4156, stack(0x0000005233500000,0x0000005233600000)]
  0x000001cc936fa440 JavaThread "jar transforms Thread 3" [_thread_blocked, id=14596, stack(0x0000005233700000,0x0000005233800000)]
  0x000001cc936fb370 JavaThread "jar transforms Thread 4" [_thread_blocked, id=24952, stack(0x0000005233800000,0x0000005233900000)]
  0x000001cc936fb880 JavaThread "jar transforms Thread 5" [_thread_blocked, id=24684, stack(0x0000005233900000,0x0000005233a00000)]
  0x000001cc936ff030 JavaThread "jar transforms Thread 6" [_thread_blocked, id=29588, stack(0x0000005233a00000,0x0000005233b00000)]
  0x000001cc936fe100 JavaThread "jar transforms Thread 7" [_thread_blocked, id=29608, stack(0x0000005233b00000,0x0000005233c00000)]
  0x000001cc936ff540 JavaThread "Unconstrained build operations" [_thread_blocked, id=12712, stack(0x0000005233c00000,0x0000005233d00000)]
  0x000001cc93700470 JavaThread "Unconstrained build operations Thread 2" [_thread_blocked, id=6772, stack(0x0000005233d00000,0x0000005233e00000)]
  0x000001cc93700980 JavaThread "Unconstrained build operations Thread 3" [_thread_blocked, id=29080, stack(0x0000005233e00000,0x0000005233f00000)]
  0x000001cc937013a0 JavaThread "jar transforms Thread 8" [_thread_blocked, id=13724, stack(0x0000005233f00000,0x0000005234000000)]
  0x000001cc936fae60 JavaThread "jar transforms Thread 9" [_thread_blocked, id=29076, stack(0x0000005234000000,0x0000005234100000)]
  0x000001cc936fe610 JavaThread "jar transforms Thread 10" [_thread_blocked, id=20336, stack(0x0000005234100000,0x0000005234200000)]
  0x000001cc936f9f30 JavaThread "jar transforms Thread 11" [_thread_blocked, id=11924, stack(0x0000005234200000,0x0000005234300000)]
  0x000001cc936fd6e0 JavaThread "jar transforms Thread 12" [_thread_blocked, id=13144, stack(0x0000005234300000,0x0000005234400000)]
  0x000001cc936fa950 JavaThread "jar transforms Thread 13" [_thread_blocked, id=27004, stack(0x0000005234400000,0x0000005234500000)]
  0x000001cc92b87790 JavaThread "gradle-enterprise-worker-0" [_thread_blocked, id=12068, stack(0x0000005234500000,0x0000005234600000)]
  0x000001cc92b83fe0 JavaThread "jar transforms Thread 14" [_thread_blocked, id=11788, stack(0x0000005233600000,0x0000005233700000)]
  0x000001cc92b84f10 JavaThread "Cache worker for dependencies-accessors (C:\Users\mfauv\Unity Projects\Flans mod\Create Love and War\.gradle\8.1.1\dependencies-accessors)" [_thread_blocked, id=16560, stack(0x0000005234600000,0x0000005234700000)]
  0x000001cc92b85420 JavaThread "jar transforms Thread 15" [_thread_blocked, id=25680, stack(0x0000005234700000,0x0000005234800000)]
  0x000001cc92b85930 JavaThread "Cache worker for Build Output Cleanup Cache (C:\Users\mfauv\Unity Projects\Flans mod\Create Love and War\.gradle\buildOutputCleanup)" [_thread_blocked, id=8996, stack(0x0000005234800000,0x0000005234900000)]
  0x000001cc92b86350 JavaThread "Unconstrained build operations Thread 4" [_thread_blocked, id=16352, stack(0x0000005234900000,0x0000005234a00000)]
  0x000001cc92b86860 JavaThread "Unconstrained build operations Thread 5" [_thread_blocked, id=26380, stack(0x0000005234a00000,0x0000005234b00000)]
  0x000001cc92b86d70 JavaThread "Unconstrained build operations Thread 6" [_thread_blocked, id=700, stack(0x0000005234b00000,0x0000005234c00000)]
  0x000001cc92b87280 JavaThread "Unconstrained build operations Thread 7" [_thread_blocked, id=13248, stack(0x0000005234c00000,0x0000005234d00000)]
  0x000001cc9266fcc0 JavaThread "Unconstrained build operations Thread 8" [_thread_blocked, id=19688, stack(0x0000005234d00000,0x0000005234e00000)]
  0x000001cc926743a0 JavaThread "Unconstrained build operations Thread 9" [_thread_blocked, id=13892, stack(0x0000005234e00000,0x0000005234f00000)]
  0x000001cc92671b20 JavaThread "Unconstrained build operations Thread 10" [_thread_blocked, id=25304, stack(0x0000005234f00000,0x0000005235000000)]
  0x000001cc92673470 JavaThread "Unconstrained build operations Thread 11" [_thread_blocked, id=10036, stack(0x0000005235000000,0x0000005235100000)]
  0x000001cc92671610 JavaThread "Unconstrained build operations Thread 12" [_thread_blocked, id=10920, stack(0x0000005235100000,0x0000005235200000)]
  0x000001cc92676200 JavaThread "Unconstrained build operations Thread 13" [_thread_blocked, id=4792, stack(0x0000005235200000,0x0000005235300000)]
  0x000001cc92672540 JavaThread "Unconstrained build operations Thread 14" [_thread_blocked, id=21384, stack(0x0000005235300000,0x0000005235400000)]
  0x000001cc92673e90 JavaThread "Unconstrained build operations Thread 15" [_thread_blocked, id=15520, stack(0x0000005235400000,0x0000005235500000)]
  0x000001cc926706e0 JavaThread "Unconstrained build operations Thread 16" [_thread_blocked, id=18540, stack(0x0000005235500000,0x0000005235600000)]
  0x000001cc926748b0 JavaThread "Unconstrained build operations Thread 17" [_thread_blocked, id=5108, stack(0x0000005235600000,0x0000005235700000)]
  0x000001cc92673980 JavaThread "Unconstrained build operations Thread 18" [_thread_blocked, id=14976, stack(0x0000005235700000,0x0000005235800000)]
  0x000001cc92670bf0 JavaThread "jar transforms Thread 16" [_thread_blocked, id=23776, stack(0x0000005235800000,0x0000005235900000)]
  0x000001cc926752d0 JavaThread "Memory manager" [_thread_blocked, id=22248, stack(0x0000005233300000,0x0000005233400000)]
  0x000001cc926757e0 JavaThread "ForkJoinPool.commonPool-worker-1" daemon [_thread_blocked, id=23840, stack(0x0000005235c00000,0x0000005235d00000)]
  0x000001cc92675cf0 JavaThread "ForkJoinPool.commonPool-worker-2" daemon [_thread_blocked, id=26596, stack(0x0000005235d00000,0x0000005235e00000)]
  0x000001cc92676710 JavaThread "ForkJoinPool.commonPool-worker-3" daemon [_thread_blocked, id=25280, stack(0x0000005235e00000,0x0000005235f00000)]
  0x000001cc92676c20 JavaThread "ForkJoinPool.commonPool-worker-4" daemon [_thread_blocked, id=25920, stack(0x0000005235f00000,0x0000005236000000)]
  0x000001cc92677130 JavaThread "ForkJoinPool.commonPool-worker-5" daemon [_thread_blocked, id=25176, stack(0x0000005236000000,0x0000005236100000)]
  0x000001cc92677640 JavaThread "ForkJoinPool.commonPool-worker-6" daemon [_thread_blocked, id=18012, stack(0x0000005236100000,0x0000005236200000)]
  0x000001cc926701d0 JavaThread "ForkJoinPool.commonPool-worker-7" daemon [_thread_blocked, id=19068, stack(0x0000005236200000,0x0000005236300000)]
  0x000001cc95048720 JavaThread "ForkJoinPool.commonPool-worker-8" daemon [_thread_blocked, id=6296, stack(0x0000005236300000,0x0000005236400000)]
  0x000001cc95047d00 JavaThread "ForkJoinPool.commonPool-worker-9" daemon [_thread_blocked, id=11784, stack(0x0000005236400000,0x0000005236500000)]
  0x000001cc95048c30 JavaThread "ForkJoinPool.commonPool-worker-10" daemon [_thread_blocked, id=7932, stack(0x0000005236500000,0x0000005236600000)]
  0x000001cc950426f0 JavaThread "ForkJoinPool.commonPool-worker-11" daemon [_thread_blocked, id=6460, stack(0x0000005236600000,0x0000005236700000)]
  0x000001cc950463b0 JavaThread "Exec process" [_thread_blocked, id=28876, stack(0x0000005236700000,0x0000005236800000)]
  0x000001cc95044a60 JavaThread "Exec process Thread 2" [_thread_blocked, id=22072, stack(0x0000005236800000,0x0000005236900000)]
  0x000001cc95044550 JavaThread "Exec process Thread 3" [_thread_blocked, id=27488, stack(0x0000005236900000,0x0000005236a00000)]
  0x000001cc950468c0 JavaThread "Unconstrained build operations Thread 19" [_thread_blocked, id=19016, stack(0x0000005235900000,0x0000005235a00000)]
  0x000001cc95046dd0 JavaThread "Unconstrained build operations Thread 20" [_thread_blocked, id=3976, stack(0x0000005235b00000,0x0000005235c00000)]
  0x000001cc95049140 JavaThread "Unconstrained build operations Thread 21" [_thread_blocked, id=10604, stack(0x0000005236a00000,0x0000005236b00000)]
  0x000001cc950472e0 JavaThread "Unconstrained build operations Thread 22" [_thread_blocked, id=14796, stack(0x0000005236b00000,0x0000005236c00000)]
  0x000001cc95043b30 JavaThread "Unconstrained build operations Thread 23" [_thread_blocked, id=17404, stack(0x0000005236c00000,0x0000005236d00000)]
  0x000001cc950477f0 JavaThread "Unconstrained build operations Thread 24" [_thread_blocked, id=28136, stack(0x0000005236d00000,0x0000005236e00000)]
  0x000001cc95048210 JavaThread "Unconstrained build operations Thread 25" [_thread_blocked, id=13528, stack(0x0000005236e00000,0x0000005236f00000)]
  0x000001cc95041cd0 JavaThread "Unconstrained build operations Thread 26" [_thread_blocked, id=10824, stack(0x0000005236f00000,0x0000005237000000)]
  0x000001cc950421e0 JavaThread "Unconstrained build operations Thread 27" [_thread_blocked, id=3880, stack(0x0000005237100000,0x0000005237200000)]
  0x000001cc95044f70 JavaThread "Unconstrained build operations Thread 28" [_thread_blocked, id=21560, stack(0x0000005237200000,0x0000005237300000)]
  0x000001cc95044040 JavaThread "Unconstrained build operations Thread 29" [_thread_blocked, id=10608, stack(0x0000005237300000,0x0000005237400000)]
  0x000001cc95049650 JavaThread "Unconstrained build operations Thread 30" [_thread_blocked, id=26888, stack(0x0000005237400000,0x0000005237500000)]
  0x000001cc95042c00 JavaThread "Unconstrained build operations Thread 31" [_thread_blocked, id=9680, stack(0x0000005237500000,0x0000005237600000)]
  0x000001cc95045480 JavaThread "Unconstrained build operations Thread 32" [_thread_blocked, id=4140, stack(0x0000005237600000,0x0000005237700000)]
  0x000001cc95043620 JavaThread "Unconstrained build operations Thread 33" [_thread_blocked, id=12540, stack(0x0000005237700000,0x0000005237800000)]
  0x000001cc95045990 JavaThread "Unconstrained build operations Thread 34" [_thread_blocked, id=14000, stack(0x0000005237800000,0x0000005237900000)]
  0x000001cc95045ea0 JavaThread "Unconstrained build operations Thread 35" [_thread_blocked, id=12668, stack(0x0000005237900000,0x0000005237a00000)]
  0x000001cc9504ac10 JavaThread "Unconstrained build operations Thread 36" [_thread_blocked, id=7300, stack(0x0000005237a00000,0x0000005237b00000)]
  0x000001cc9504a1f0 JavaThread "Unconstrained build operations Thread 37" [_thread_blocked, id=7240, stack(0x0000005237b00000,0x0000005237c00000)]
  0x000001cc9504c050 JavaThread "Unconstrained build operations Thread 38" [_thread_blocked, id=29512, stack(0x0000005237c00000,0x0000005237d00000)]
  0x000001cc9504cf80 JavaThread "Unconstrained build operations Thread 39" [_thread_blocked, id=11540, stack(0x0000005237d00000,0x0000005237e00000)]
  0x000001cc9504b120 JavaThread "Unconstrained build operations Thread 40" [_thread_blocked, id=22304, stack(0x0000005237e00000,0x0000005237f00000)]
  0x000001cc95049ce0 JavaThread "Unconstrained build operations Thread 41" [_thread_blocked, id=22240, stack(0x0000005237f00000,0x0000005238000000)]
  0x000001cc9504bb40 JavaThread "included builds" [_thread_blocked, id=19316, stack(0x0000005238100000,0x0000005238200000)]
  0x000001cc9504a700 JavaThread "Execution worker" [_thread_blocked, id=6428, stack(0x0000005238200000,0x0000005238300000)]
  0x000001cc9504d490 JavaThread "Execution worker Thread 2" [_thread_blocked, id=24376, stack(0x0000005238300000,0x0000005238400000)]
  0x000001cc9504c560 JavaThread "Execution worker Thread 3" [_thread_blocked, id=16960, stack(0x0000005238400000,0x0000005238500000)]
  0x000001cc9504ca70 JavaThread "Execution worker Thread 4" [_thread_in_Java, id=29312, stack(0x0000005238500000,0x0000005238600000)]
  0x000001cc92672f60 JavaThread "Execution worker Thread 5" [_thread_blocked, id=15348, stack(0x0000005238600000,0x0000005238700000)]
  0x000001cc936fdbf0 JavaThread "Execution worker Thread 6" [_thread_blocked, id=12480, stack(0x0000005238700000,0x0000005238800000)]
  0x000001cc92b19f10 JavaThread "Execution worker Thread 7" [_thread_blocked, id=22884, stack(0x0000005238800000,0x0000005238900000)]
  0x000001cc92b1c280 JavaThread "Execution worker Thread 8" [_thread_blocked, id=29280, stack(0x0000005238900000,0x0000005238a00000)]
  0x000001cc92b1c790 JavaThread "Execution worker Thread 9" [_thread_blocked, id=20396, stack(0x0000005238a00000,0x0000005238b00000)]
  0x000001cc92b1a420 JavaThread "Execution worker Thread 10" [_thread_blocked, id=17296, stack(0x0000005238b00000,0x0000005238c00000)]
  0x000001cc92b18fe0 JavaThread "Execution worker Thread 11" [_thread_blocked, id=6432, stack(0x0000005238c00000,0x0000005238d00000)]
  0x000001cc92b1b860 JavaThread "Execution worker Thread 12" [_thread_blocked, id=10360, stack(0x0000005238d00000,0x0000005238e00000)]
  0x000001cc92b1b350 JavaThread "Execution worker Thread 13" [_thread_blocked, id=23940, stack(0x0000005238e00000,0x0000005238f00000)]
  0x000001cc92b194f0 JavaThread "Execution worker Thread 14" [_thread_blocked, id=18612, stack(0x0000005238f00000,0x0000005239000000)]
  0x000001cc92b1a930 JavaThread "Execution worker Thread 15" [_thread_blocked, id=19552, stack(0x0000005239000000,0x0000005239100000)]
  0x000001cc92b1ae40 JavaThread "Cache worker for execution history cache (C:\Users\mfauv\Unity Projects\Flans mod\Create Love and War\.gradle\8.1.1\executionHistory)" [_thread_blocked, id=11868, stack(0x0000005239100000,0x0000005239200000)]
  0x000001cc96c5a570 JavaThread "Unconstrained build operations Thread 42" [_thread_blocked, id=14216, stack(0x0000005238000000,0x0000005238100000)]
  0x000001cc96c54f60 JavaThread "Unconstrained build operations Thread 43" [_thread_blocked, id=25260, stack(0x0000005239200000,0x0000005239300000)]
  0x000001cc96c572d0 JavaThread "Unconstrained build operations Thread 44" [_thread_blocked, id=28396, stack(0x0000005239300000,0x0000005239400000)]
  0x000001cc96c577e0 JavaThread "Unconstrained build operations Thread 45" [_thread_blocked, id=19104, stack(0x0000005239400000,0x0000005239500000)]
  0x000001cc96c56dc0 JavaThread "Unconstrained build operations Thread 46" [_thread_blocked, id=28612, stack(0x0000005239500000,0x0000005239600000)]
  0x000001cc96c59b50 JavaThread "Unconstrained build operations Thread 47" [_thread_blocked, id=16704, stack(0x0000005239600000,0x0000005239700000)]
  0x000001cc96c58710 JavaThread "Unconstrained build operations Thread 48" [_thread_blocked, id=7644, stack(0x0000005239700000,0x0000005239800000)]
  0x000001cc96c5af90 JavaThread "Unconstrained build operations Thread 49" [_thread_blocked, id=13004, stack(0x0000005239800000,0x0000005239900000)]
  0x000001cc96c53b20 JavaThread "Unconstrained build operations Thread 50" [_thread_blocked, id=25768, stack(0x0000005239900000,0x0000005239a00000)]
  0x000001cc96c58c20 JavaThread "Unconstrained build operations Thread 51" [_thread_blocked, id=10612, stack(0x0000005239a00000,0x0000005239b00000)]
  0x000001cc96c57cf0 JavaThread "Cache worker for Java compile cache (C:\Users\mfauv\.gradle\caches\8.1.1\javaCompile)" [_thread_blocked, id=8476, stack(0x0000005239b00000,0x0000005239c00000)]
  0x000001cc96c55470 JavaThread "Build operations" [_thread_blocked, id=26856, stack(0x0000005239d00000,0x0000005239e00000)]
  0x000001cc96c5b4a0 JavaThread "Build operations Thread 2" [_thread_blocked, id=29564, stack(0x0000005239e00000,0x0000005239f00000)]
  0x000001cc96c5a060 JavaThread "Build operations Thread 3" [_thread_blocked, id=18376, stack(0x0000005239f00000,0x000000523a000000)]
  0x000001cc96c59130 JavaThread "Build operations Thread 4" [_thread_blocked, id=11316, stack(0x000000523a000000,0x000000523a100000)]
  0x000001cc96c54030 JavaThread "Build operations Thread 5" [_thread_blocked, id=3116, stack(0x000000523a100000,0x000000523a200000)]
  0x000001cc96c54540 JavaThread "Build operations Thread 6" [_thread_blocked, id=3196, stack(0x000000523a200000,0x000000523a300000)]
  0x000001cc96c563a0 JavaThread "Build operations Thread 7" [_thread_blocked, id=22352, stack(0x000000523a300000,0x000000523a400000)]
  0x000001cc96c568b0 JavaThread "Build operations Thread 8" [_thread_blocked, id=24068, stack(0x000000523a400000,0x000000523a500000)]
  0x000001cc96c5aa80 JavaThread "Build operations Thread 9" [_thread_blocked, id=11616, stack(0x000000523a500000,0x000000523a600000)]
  0x000001cc96c54a50 JavaThread "Build operations Thread 10" [_thread_blocked, id=24324, stack(0x000000523a600000,0x000000523a700000)]
  0x000001cc96c58200 JavaThread "Build operations Thread 11" [_thread_blocked, id=15796, stack(0x000000523a700000,0x000000523a800000)]
  0x000001cc96c55980 JavaThread "Build operations Thread 12" [_thread_blocked, id=20796, stack(0x000000523a800000,0x000000523a900000)]
  0x000001cc92342810 JavaThread "Build operations Thread 13" [_thread_blocked, id=8136, stack(0x000000523a900000,0x000000523aa00000)]
  0x000001cc9233c2d0 JavaThread "Build operations Thread 14" [_thread_blocked, id=20144, stack(0x000000523aa00000,0x000000523ab00000)]
  0x000001cc923413d0 JavaThread "Build operations Thread 15" [_thread_blocked, id=25604, stack(0x000000523ab00000,0x000000523ac00000)]
  0x000001cc92225590 JavaThread "C1 CompilerThread2" daemon [_thread_blocked, id=4496, stack(0x0000005230b00000,0x0000005230c00000)]
  0x000001cc922235b0 JavaThread "C2 CompilerThread1" daemon [_thread_in_native, id=3052, stack(0x0000005230c00000,0x0000005230d00000)]
  0x000001cc92224050 JavaThread "C1 CompilerThread3" daemon [_thread_blocked, id=16296, stack(0x0000005235a00000,0x0000005235b00000)]
=>0x000001cc962cb870 JavaThread "C2 CompilerThread2" daemon [_thread_in_native, id=21844, stack(0x0000005230d00000,0x0000005230e00000)]

Other Threads:
  0x000001cc4a7e42c0 VMThread "VM Thread" [stack: 0x000000522ff00000,0x0000005230000000] [id=956]
  0x000001cc275c8440 WatcherThread [stack: 0x0000005231000000,0x0000005231100000] [id=15540]
  0x000001cc275a6520 GCTaskThread "GC Thread#0" [stack: 0x000000522fa00000,0x000000522fb00000] [id=9244]
  0x000001cc90943bc0 GCTaskThread "GC Thread#1" [stack: 0x0000005231100000,0x0000005231200000] [id=21336]
  0x000001cc90a0e510 GCTaskThread "GC Thread#2" [stack: 0x0000005231200000,0x0000005231300000] [id=5388]
  0x000001cc9081fc40 GCTaskThread "GC Thread#3" [stack: 0x0000005231300000,0x0000005231400000] [id=8580]
  0x000001cc90989a40 GCTaskThread "GC Thread#4" [stack: 0x0000005231400000,0x0000005231500000] [id=27612]
  0x000001cc908db420 GCTaskThread "GC Thread#5" [stack: 0x0000005231500000,0x0000005231600000] [id=11552]
  0x000001cc935e5750 GCTaskThread "GC Thread#6" [stack: 0x0000005232800000,0x0000005232900000] [id=10060]
  0x000001cc9257c020 GCTaskThread "GC Thread#7" [stack: 0x0000005232900000,0x0000005232a00000] [id=6740]
  0x000001cc9260b1a0 GCTaskThread "GC Thread#8" [stack: 0x0000005232a00000,0x0000005232b00000] [id=22256]
  0x000001cc916b8710 GCTaskThread "GC Thread#9" [stack: 0x0000005232b00000,0x0000005232c00000] [id=18728]
  0x000001cc94127930 GCTaskThread "GC Thread#10" [stack: 0x0000005232c00000,0x0000005232d00000] [id=14544]
  0x000001cc941270f0 GCTaskThread "GC Thread#11" [stack: 0x0000005232d00000,0x0000005232e00000] [id=23352]
  0x000001cc941268b0 GCTaskThread "GC Thread#12" [stack: 0x0000005232e00000,0x0000005232f00000] [id=10072]
  0x000001cc275b0360 ConcurrentGCThread "G1 Main Marker" [stack: 0x000000522fb00000,0x000000522fc00000] [id=21412]
  0x000001cc275b0c70 ConcurrentGCThread "G1 Conc#0" [stack: 0x000000522fc00000,0x000000522fd00000] [id=7816]
  0x000001cc94127bf0 ConcurrentGCThread "G1 Conc#1" [stack: 0x0000005232f00000,0x0000005233000000] [id=27264]
  0x000001cc941273b0 ConcurrentGCThread "G1 Conc#2" [stack: 0x0000005233000000,0x0000005233100000] [id=25388]
  0x000001cc4a69e130 ConcurrentGCThread "G1 Refine#0" [stack: 0x000000522fd00000,0x000000522fe00000] [id=21572]
  0x000001cc92b28710 ConcurrentGCThread "G1 Refine#1" [stack: 0x0000005237000000,0x0000005237100000] [id=14096]
  0x000001cc92b28130 ConcurrentGCThread "G1 Refine#2" [stack: 0x0000005239c00000,0x0000005239d00000] [id=12796]
  0x000001cc92b28cf0 ConcurrentGCThread "G1 Refine#3" [stack: 0x000000523ac00000,0x000000523ad00000] [id=2592]
  0x000001cc92b29e90 ConcurrentGCThread "G1 Refine#4" [stack: 0x000000523ad00000,0x000000523ae00000] [id=15188]
  0x000001cc92b28a00 ConcurrentGCThread "G1 Refine#5" [stack: 0x000000523ae00000,0x000000523af00000] [id=11728]
  0x000001cc92b28fe0 ConcurrentGCThread "G1 Refine#6" [stack: 0x000000523af00000,0x000000523b000000] [id=3316]
  0x000001cc92b292d0 ConcurrentGCThread "G1 Refine#7" [stack: 0x000000523b000000,0x000000523b100000] [id=27100]
  0x000001cc92b298b0 ConcurrentGCThread "G1 Refine#8" [stack: 0x000000523b100000,0x000000523b200000] [id=22776]
  0x000001cc92b2a760 ConcurrentGCThread "G1 Refine#9" [stack: 0x000000523b200000,0x000000523b300000] [id=19340]
  0x000001cc92b29ba0 ConcurrentGCThread "G1 Refine#10" [stack: 0x000000523b300000,0x000000523b400000] [id=20032]
  0x000001cc92b2a180 ConcurrentGCThread "G1 Refine#11" [stack: 0x000000523b400000,0x000000523b500000] [id=17668]
  0x000001cc4a69e970 ConcurrentGCThread "G1 Service" [stack: 0x000000522fe00000,0x000000522ff00000] [id=12272]

Threads with active compile tasks:
C2 CompilerThread0    21126 14019       4       com.sun.tools.javac.code.Symbol$MethodSymbol::implementation (11 bytes)
C2 CompilerThread1    21126 14015       4       com.sun.tools.javac.comp.Resolve::rawInstantiate (508 bytes)
C2 CompilerThread2    21126 14011       4       com.sun.tools.javac.comp.Attr::visitIdent (582 bytes)

VM state: not at safepoint (normal execution)

VM Mutex/Monitor currently owned by a thread:  ([mutex/lock_event])
[0x000001cc275447a0] MethodCompileQueue_lock - owner thread: 0x000001cc92225590

Heap address: 0x0000000740000000, size: 3072 MB, Compressed Oops mode: Zero based, Oop shift amount: 3

CDS archive(s) mapped at: [0x000001cc4b000000-0x000001cc4bbd0000-0x000001cc4bbd0000), size 12386304, SharedBaseAddress: 0x000001cc4b000000, ArchiveRelocationMode: 1.
Compressed class space mapped at: 0x000001cc4c000000-0x000001cc8c000000, reserved size: 1073741824
Narrow klass base: 0x000001cc4b000000, Narrow klass shift: 0, Narrow klass range: 0x100000000

GC Precious Log:
 CPUs: 16 total, 16 available
 Memory: 16004M
 Large Page Support: Disabled
 NUMA Support: Disabled
 Compressed Oops: Enabled (Zero based)
 Heap Region Size: 2M
 Heap Min Capacity: 8M
 Heap Initial Capacity: 252M
 Heap Max Capacity: 3G
 Pre-touch: Disabled
 Parallel Workers: 13
 Concurrent Workers: 3
 Concurrent Refinement Workers: 13
 Periodic GC: Disabled

Heap:
 garbage-first heap   total 278528K, used 179291K [0x0000000740000000, 0x0000000800000000)
  region size 2048K, 24 young (49152K), 4 survivors (8192K)
 Metaspace       used 82737K, committed 83520K, reserved 1179648K
  class space    used 11390K, committed 11712K, reserved 1048576K

Heap Regions: E=young(eden), S=young(survivor), O=old, HS=humongous(starts), HC=humongous(continues), CS=collection set, F=free, OA=open archive, CA=closed archive, TAMS=top-at-mark-start (previous, next)
|   0|0x0000000740000000, 0x0000000740200000, 0x0000000740200000|100%|HS|  |TAMS 0x0000000740200000, 0x0000000740200000| Complete 
|   1|0x0000000740200000, 0x0000000740400000, 0x0000000740400000|100%|HC|  |TAMS 0x0000000740400000, 0x0000000740400000| Complete 
|   2|0x0000000740400000, 0x0000000740600000, 0x0000000740600000|100%| O|  |TAMS 0x0000000740600000, 0x0000000740600000| Untracked 
|   3|0x0000000740600000, 0x0000000740800000, 0x0000000740800000|100%| O|  |TAMS 0x0000000740800000, 0x0000000740800000| Untracked 
|   4|0x0000000740800000, 0x00000007409dae00, 0x0000000740a00000| 92%| O|  |TAMS 0x00000007409dae00, 0x00000007409dae00| Untracked 
|   5|0x0000000740a00000, 0x0000000740c00000, 0x0000000740c00000|100%| O|  |TAMS 0x0000000740c00000, 0x0000000740c00000| Untracked 
|   6|0x0000000740c00000, 0x0000000740e00000, 0x0000000740e00000|100%| O|  |TAMS 0x0000000740e00000, 0x0000000740e00000| Untracked 
|   7|0x0000000740e00000, 0x0000000741000000, 0x0000000741000000|100%| O|  |TAMS 0x0000000741000000, 0x0000000741000000| Untracked 
|   8|0x0000000741000000, 0x0000000741200000, 0x0000000741200000|100%| O|  |TAMS 0x0000000741200000, 0x0000000741200000| Untracked 
|   9|0x0000000741200000, 0x0000000741400000, 0x0000000741400000|100%| O|  |TAMS 0x0000000741400000, 0x0000000741400000| Untracked 
|  10|0x0000000741400000, 0x0000000741600000, 0x0000000741600000|100%| O|  |TAMS 0x0000000741600000, 0x0000000741600000| Untracked 
|  11|0x0000000741600000, 0x0000000741800000, 0x0000000741800000|100%| O|  |TAMS 0x0000000741800000, 0x0000000741800000| Untracked 
|  12|0x0000000741800000, 0x0000000741a00000, 0x0000000741a00000|100%| O|  |TAMS 0x0000000741a00000, 0x0000000741a00000| Untracked 
|  13|0x0000000741a00000, 0x0000000741c00000, 0x0000000741c00000|100%| O|  |TAMS 0x0000000741c00000, 0x0000000741c00000| Untracked 
|  14|0x0000000741c00000, 0x0000000741e00000, 0x0000000741e00000|100%| O|  |TAMS 0x0000000741e00000, 0x0000000741e00000| Untracked 
|  15|0x0000000741e00000, 0x0000000742000000, 0x0000000742000000|100%| O|  |TAMS 0x0000000742000000, 0x0000000742000000| Untracked 
|  16|0x0000000742000000, 0x0000000742200000, 0x0000000742200000|100%|HS|  |TAMS 0x0000000742200000, 0x0000000742200000| Complete 
|  17|0x0000000742200000, 0x0000000742400000, 0x0000000742400000|100%| O|  |TAMS 0x0000000742400000, 0x0000000742400000| Untracked 
|  18|0x0000000742400000, 0x0000000742600000, 0x0000000742600000|100%| O|  |TAMS 0x0000000742600000, 0x0000000742600000| Untracked 
|  19|0x0000000742600000, 0x0000000742800000, 0x0000000742800000|100%| O|  |TAMS 0x0000000742800000, 0x0000000742800000| Untracked 
|  20|0x0000000742800000, 0x0000000742a00000, 0x0000000742a00000|100%| O|  |TAMS 0x0000000742a00000, 0x0000000742a00000| Untracked 
|  21|0x0000000742a00000, 0x0000000742c00000, 0x0000000742c00000|100%| O|  |TAMS 0x0000000742c00000, 0x0000000742c00000| Untracked 
|  22|0x0000000742c00000, 0x0000000742e00000, 0x0000000742e00000|100%| O|  |TAMS 0x0000000742e00000, 0x0000000742e00000| Untracked 
|  23|0x0000000742e00000, 0x0000000743000000, 0x0000000743000000|100%| O|  |TAMS 0x0000000743000000, 0x0000000743000000| Untracked 
|  24|0x0000000743000000, 0x0000000743200000, 0x0000000743200000|100%| O|  |TAMS 0x0000000743200000, 0x0000000743200000| Untracked 
|  25|0x0000000743200000, 0x0000000743400000, 0x0000000743400000|100%| O|  |TAMS 0x0000000743400000, 0x0000000743400000| Untracked 
|  26|0x0000000743400000, 0x0000000743600000, 0x0000000743600000|100%| O|  |TAMS 0x0000000743600000, 0x0000000743600000| Untracked 
|  27|0x0000000743600000, 0x0000000743800000, 0x0000000743800000|100%| O|  |TAMS 0x0000000743788e00, 0x0000000743788e00| Untracked 
|  28|0x0000000743800000, 0x0000000743a00000, 0x0000000743a00000|100%|HS|  |TAMS 0x0000000743800000, 0x0000000743800000| Complete 
|  29|0x0000000743a00000, 0x0000000743c00000, 0x0000000743c00000|100%|HS|  |TAMS 0x0000000743a00000, 0x0000000743a00000| Complete 
|  30|0x0000000743c00000, 0x0000000743e00000, 0x0000000743e00000|100%| O|  |TAMS 0x0000000743c00000, 0x0000000743c00000| Untracked 
|  31|0x0000000743e00000, 0x0000000744000000, 0x0000000744000000|100%| O|  |TAMS 0x0000000743e00000, 0x0000000743e00000| Untracked 
|  32|0x0000000744000000, 0x0000000744200000, 0x0000000744200000|100%| O|  |TAMS 0x0000000744000000, 0x0000000744000000| Untracked 
|  33|0x0000000744200000, 0x0000000744400000, 0x0000000744400000|100%| O|  |TAMS 0x0000000744200000, 0x0000000744200000| Untracked 
|  34|0x0000000744400000, 0x0000000744600000, 0x0000000744600000|100%|HS|  |TAMS 0x0000000744400000, 0x0000000744400000| Complete 
|  35|0x0000000744600000, 0x0000000744800000, 0x0000000744800000|100%| O|  |TAMS 0x0000000744600000, 0x0000000744600000| Untracked 
|  36|0x0000000744800000, 0x0000000744a00000, 0x0000000744a00000|100%| O|  |TAMS 0x0000000744800000, 0x0000000744800000| Untracked 
|  37|0x0000000744a00000, 0x0000000744c00000, 0x0000000744c00000|100%| O|  |TAMS 0x0000000744a00000, 0x0000000744a00000| Untracked 
|  38|0x0000000744c00000, 0x0000000744e00000, 0x0000000744e00000|100%| O|  |TAMS 0x0000000744c00000, 0x0000000744c00000| Untracked 
|  39|0x0000000744e00000, 0x0000000745000000, 0x0000000745000000|100%| O|  |TAMS 0x0000000744e00000, 0x0000000744e00000| Untracked 
|  40|0x0000000745000000, 0x0000000745200000, 0x0000000745200000|100%| O|  |TAMS 0x0000000745000000, 0x0000000745000000| Untracked 
|  41|0x0000000745200000, 0x0000000745400000, 0x0000000745400000|100%| O|  |TAMS 0x0000000745200000, 0x0000000745200000| Untracked 
|  42|0x0000000745400000, 0x0000000745600000, 0x0000000745600000|100%| O|  |TAMS 0x0000000745400000, 0x0000000745400000| Untracked 
|  43|0x0000000745600000, 0x0000000745800000, 0x0000000745800000|100%| O|  |TAMS 0x0000000745600000, 0x0000000745600000| Untracked 
|  44|0x0000000745800000, 0x0000000745a00000, 0x0000000745a00000|100%| O|  |TAMS 0x0000000745800000, 0x0000000745800000| Untracked 
|  45|0x0000000745a00000, 0x0000000745c00000, 0x0000000745c00000|100%| O|  |TAMS 0x0000000745a00000, 0x0000000745a00000| Untracked 
|  46|0x0000000745c00000, 0x0000000745e00000, 0x0000000745e00000|100%| O|  |TAMS 0x0000000745c00000, 0x0000000745c00000| Untracked 
|  47|0x0000000745e00000, 0x0000000746000000, 0x0000000746000000|100%| O|  |TAMS 0x0000000745e00000, 0x0000000745e00000| Untracked 
|  48|0x0000000746000000, 0x0000000746200000, 0x0000000746200000|100%| O|  |TAMS 0x0000000746000000, 0x0000000746000000| Untracked 
|  49|0x0000000746200000, 0x0000000746400000, 0x0000000746400000|100%| O|  |TAMS 0x0000000746200000, 0x0000000746200000| Untracked 
|  50|0x0000000746400000, 0x0000000746500e00, 0x0000000746600000| 50%| O|  |TAMS 0x0000000746400000, 0x0000000746400000| Untracked 
|  51|0x0000000746600000, 0x0000000746600000, 0x0000000746800000|  0%| F|  |TAMS 0x0000000746600000, 0x0000000746600000| Untracked 
|  52|0x0000000746800000, 0x0000000746a00000, 0x0000000746a00000|100%| O|  |TAMS 0x0000000746800000, 0x0000000746800000| Untracked 
|  53|0x0000000746a00000, 0x0000000746c00000, 0x0000000746c00000|100%| O|  |TAMS 0x0000000746a00000, 0x0000000746a00000| Untracked 
|  54|0x0000000746c00000, 0x0000000746e00000, 0x0000000746e00000|100%| O|  |TAMS 0x0000000746c00000, 0x0000000746c00000| Untracked 
|  55|0x0000000746e00000, 0x0000000747000000, 0x0000000747000000|100%| O|  |TAMS 0x0000000746e00000, 0x0000000746e00000| Untracked 
|  56|0x0000000747000000, 0x0000000747200000, 0x0000000747200000|100%| O|  |TAMS 0x0000000747000000, 0x0000000747000000| Untracked 
|  57|0x0000000747200000, 0x0000000747400000, 0x0000000747400000|100%| O|  |TAMS 0x0000000747200000, 0x0000000747200000| Untracked 
|  58|0x0000000747400000, 0x0000000747600000, 0x0000000747600000|100%| O|  |TAMS 0x0000000747400000, 0x0000000747400000| Untracked 
|  59|0x0000000747600000, 0x0000000747800000, 0x0000000747800000|100%| O|  |TAMS 0x0000000747600000, 0x0000000747600000| Untracked 
|  60|0x0000000747800000, 0x0000000747a00000, 0x0000000747a00000|100%| O|  |TAMS 0x0000000747800000, 0x0000000747800000| Untracked 
|  61|0x0000000747a00000, 0x0000000747c00000, 0x0000000747c00000|100%| O|  |TAMS 0x0000000747a00000, 0x0000000747a00000| Untracked 
|  62|0x0000000747c00000, 0x0000000747e00000, 0x0000000747e00000|100%| O|  |TAMS 0x0000000747c00000, 0x0000000747c00000| Untracked 
|  63|0x0000000747e00000, 0x0000000748000000, 0x0000000748000000|100%| O|  |TAMS 0x0000000747e00000, 0x0000000747e00000| Untracked 
|  64|0x0000000748000000, 0x0000000748200000, 0x0000000748200000|100%| O|  |TAMS 0x0000000748000000, 0x0000000748000000| Untracked 
|  65|0x0000000748200000, 0x0000000748200000, 0x0000000748400000|  0%| F|  |TAMS 0x0000000748200000, 0x0000000748200000| Untracked 
|  66|0x0000000748400000, 0x0000000748400000, 0x0000000748600000|  0%| F|  |TAMS 0x0000000748400000, 0x0000000748400000| Untracked 
|  67|0x0000000748600000, 0x0000000748600000, 0x0000000748800000|  0%| F|  |TAMS 0x0000000748600000, 0x0000000748600000| Untracked 
|  68|0x0000000748800000, 0x0000000748800000, 0x0000000748a00000|  0%| F|  |TAMS 0x0000000748800000, 0x0000000748800000| Untracked 
|  69|0x0000000748a00000, 0x0000000748a00000, 0x0000000748c00000|  0%| F|  |TAMS 0x0000000748a00000, 0x0000000748a00000| Untracked 
|  70|0x0000000748c00000, 0x0000000748c00000, 0x0000000748e00000|  0%| F|  |TAMS 0x0000000748c00000, 0x0000000748c00000| Untracked 
|  71|0x0000000748e00000, 0x0000000748e00000, 0x0000000749000000|  0%| F|  |TAMS 0x0000000748e00000, 0x0000000748e00000| Untracked 
|  72|0x0000000749000000, 0x0000000749000000, 0x0000000749200000|  0%| F|  |TAMS 0x0000000749000000, 0x0000000749000000| Untracked 
|  73|0x0000000749200000, 0x0000000749200000, 0x0000000749400000|  0%| F|  |TAMS 0x0000000749200000, 0x0000000749200000| Untracked 
|  74|0x0000000749400000, 0x0000000749400000, 0x0000000749600000|  0%| F|  |TAMS 0x0000000749400000, 0x0000000749400000| Untracked 
|  75|0x0000000749600000, 0x0000000749600000, 0x0000000749800000|  0%| F|  |TAMS 0x0000000749600000, 0x0000000749600000| Untracked 
|  76|0x0000000749800000, 0x0000000749800000, 0x0000000749a00000|  0%| F|  |TAMS 0x0000000749800000, 0x0000000749800000| Untracked 
|  77|0x0000000749a00000, 0x0000000749a00000, 0x0000000749c00000|  0%| F|  |TAMS 0x0000000749a00000, 0x0000000749a00000| Untracked 
|  78|0x0000000749c00000, 0x0000000749c00000, 0x0000000749e00000|  0%| F|  |TAMS 0x0000000749c00000, 0x0000000749c00000| Untracked 
|  79|0x0000000749e00000, 0x0000000749e00000, 0x000000074a000000|  0%| F|  |TAMS 0x0000000749e00000, 0x0000000749e00000| Untracked 
|  80|0x000000074a000000, 0x000000074a000000, 0x000000074a200000|  0%| F|  |TAMS 0x000000074a000000, 0x000000074a000000| Untracked 
|  81|0x000000074a200000, 0x000000074a200000, 0x000000074a400000|  0%| F|  |TAMS 0x000000074a200000, 0x000000074a200000| Untracked 
|  82|0x000000074a400000, 0x000000074a400000, 0x000000074a600000|  0%| F|  |TAMS 0x000000074a400000, 0x000000074a400000| Untracked 
|  83|0x000000074a600000, 0x000000074a600000, 0x000000074a800000|  0%| F|  |TAMS 0x000000074a600000, 0x000000074a600000| Untracked 
|  84|0x000000074a800000, 0x000000074a800000, 0x000000074aa00000|  0%| F|  |TAMS 0x000000074a800000, 0x000000074a800000| Untracked 
|  85|0x000000074aa00000, 0x000000074aa00000, 0x000000074ac00000|  0%| F|  |TAMS 0x000000074aa00000, 0x000000074aa00000| Untracked 
|  86|0x000000074ac00000, 0x000000074ac00000, 0x000000074ae00000|  0%| F|  |TAMS 0x000000074ac00000, 0x000000074ac00000| Untracked 
|  87|0x000000074ae00000, 0x000000074ae00000, 0x000000074b000000|  0%| F|  |TAMS 0x000000074ae00000, 0x000000074ae00000| Untracked 
|  88|0x000000074b000000, 0x000000074b000000, 0x000000074b200000|  0%| F|  |TAMS 0x000000074b000000, 0x000000074b000000| Untracked 
|  89|0x000000074b200000, 0x000000074b200000, 0x000000074b400000|  0%| F|  |TAMS 0x000000074b200000, 0x000000074b200000| Untracked 
|  90|0x000000074b400000, 0x000000074b400000, 0x000000074b600000|  0%| F|  |TAMS 0x000000074b400000, 0x000000074b400000| Untracked 
|  91|0x000000074b600000, 0x000000074b63b0a8, 0x000000074b800000| 11%| S|CS|TAMS 0x000000074b600000, 0x000000074b600000| Complete 
|  92|0x000000074b800000, 0x000000074ba00000, 0x000000074ba00000|100%| S|CS|TAMS 0x000000074b800000, 0x000000074b800000| Complete 
|  93|0x000000074ba00000, 0x000000074bc00000, 0x000000074bc00000|100%| S|CS|TAMS 0x000000074ba00000, 0x000000074ba00000| Complete 
|  94|0x000000074bc00000, 0x000000074be00000, 0x000000074be00000|100%| S|CS|TAMS 0x000000074bc00000, 0x000000074bc00000| Complete 
|  95|0x000000074be00000, 0x000000074be00000, 0x000000074c000000|  0%| F|  |TAMS 0x000000074be00000, 0x000000074be00000| Untracked 
|  96|0x000000074c000000, 0x000000074c000000, 0x000000074c200000|  0%| F|  |TAMS 0x000000074c000000, 0x000000074c000000| Untracked 
|  97|0x000000074c200000, 0x000000074c200000, 0x000000074c400000|  0%| F|  |TAMS 0x000000074c200000, 0x000000074c200000| Untracked 
|  98|0x000000074c400000, 0x000000074c400000, 0x000000074c600000|  0%| F|  |TAMS 0x000000074c400000, 0x000000074c400000| Untracked 
|  99|0x000000074c600000, 0x000000074c600000, 0x000000074c800000|  0%| F|  |TAMS 0x000000074c600000, 0x000000074c600000| Untracked 
| 100|0x000000074c800000, 0x000000074c800000, 0x000000074ca00000|  0%| F|  |TAMS 0x000000074c800000, 0x000000074c800000| Untracked 
| 101|0x000000074ca00000, 0x000000074ca00000, 0x000000074cc00000|  0%| F|  |TAMS 0x000000074ca00000, 0x000000074ca00000| Untracked 
| 102|0x000000074cc00000, 0x000000074cc00000, 0x000000074ce00000|  0%| F|  |TAMS 0x000000074cc00000, 0x000000074cc00000| Untracked 
| 103|0x000000074ce00000, 0x000000074ce00000, 0x000000074d000000|  0%| F|  |TAMS 0x000000074ce00000, 0x000000074ce00000| Untracked 
| 104|0x000000074d000000, 0x000000074d000000, 0x000000074d200000|  0%| F|  |TAMS 0x000000074d000000, 0x000000074d000000| Untracked 
| 105|0x000000074d200000, 0x000000074d200000, 0x000000074d400000|  0%| F|  |TAMS 0x000000074d200000, 0x000000074d200000| Untracked 
| 106|0x000000074d400000, 0x000000074d400000, 0x000000074d600000|  0%| F|  |TAMS 0x000000074d400000, 0x000000074d400000| Untracked 
| 107|0x000000074d600000, 0x000000074d600000, 0x000000074d800000|  0%| F|  |TAMS 0x000000074d600000, 0x000000074d600000| Untracked 
| 108|0x000000074d800000, 0x000000074d800000, 0x000000074da00000|  0%| F|  |TAMS 0x000000074d800000, 0x000000074d800000| Untracked 
| 109|0x000000074da00000, 0x000000074da00000, 0x000000074dc00000|  0%| F|  |TAMS 0x000000074da00000, 0x000000074da00000| Untracked 
| 110|0x000000074dc00000, 0x000000074dc00000, 0x000000074de00000|  0%| F|  |TAMS 0x000000074dc00000, 0x000000074dc00000| Untracked 
| 111|0x000000074de00000, 0x000000074de00000, 0x000000074e000000|  0%| F|  |TAMS 0x000000074de00000, 0x000000074de00000| Untracked 
| 112|0x000000074e000000, 0x000000074e000000, 0x000000074e200000|  0%| F|  |TAMS 0x000000074e000000, 0x000000074e000000| Untracked 
| 113|0x000000074e200000, 0x000000074e200000, 0x000000074e400000|  0%| F|  |TAMS 0x000000074e200000, 0x000000074e200000| Untracked 
| 114|0x000000074e400000, 0x000000074e462ce8, 0x000000074e600000| 19%| E|  |TAMS 0x000000074e400000, 0x000000074e400000| Complete 
| 115|0x000000074e600000, 0x000000074e800000, 0x000000074e800000|100%| E|CS|TAMS 0x000000074e600000, 0x000000074e600000| Complete 
| 116|0x000000074e800000, 0x000000074ea00000, 0x000000074ea00000|100%| E|CS|TAMS 0x000000074e800000, 0x000000074e800000| Complete 
| 117|0x000000074ea00000, 0x000000074ec00000, 0x000000074ec00000|100%| E|CS|TAMS 0x000000074ea00000, 0x000000074ea00000| Complete 
| 118|0x000000074ec00000, 0x000000074ee00000, 0x000000074ee00000|100%| E|CS|TAMS 0x000000074ec00000, 0x000000074ec00000| Complete 
| 119|0x000000074ee00000, 0x000000074f000000, 0x000000074f000000|100%| E|CS|TAMS 0x000000074ee00000, 0x000000074ee00000| Complete 
| 120|0x000000074f000000, 0x000000074f200000, 0x000000074f200000|100%| E|CS|TAMS 0x000000074f000000, 0x000000074f000000| Complete 
| 121|0x000000074f200000, 0x000000074f400000, 0x000000074f400000|100%| E|CS|TAMS 0x000000074f200000, 0x000000074f200000| Complete 
| 122|0x000000074f400000, 0x000000074f600000, 0x000000074f600000|100%| E|CS|TAMS 0x000000074f400000, 0x000000074f400000| Complete 
| 123|0x000000074f600000, 0x000000074f800000, 0x000000074f800000|100%| E|CS|TAMS 0x000000074f600000, 0x000000074f600000| Complete 
| 124|0x000000074f800000, 0x000000074fa00000, 0x000000074fa00000|100%| E|CS|TAMS 0x000000074f800000, 0x000000074f800000| Complete 
| 125|0x000000074fa00000, 0x000000074fc00000, 0x000000074fc00000|100%| E|CS|TAMS 0x000000074fa00000, 0x000000074fa00000| Complete 
| 126|0x000000074fc00000, 0x000000074fe00000, 0x000000074fe00000|100%| E|CS|TAMS 0x000000074fc00000, 0x000000074fc00000| Complete 
| 127|0x000000074fe00000, 0x0000000750000000, 0x0000000750000000|100%| E|CS|TAMS 0x000000074fe00000, 0x000000074fe00000| Complete 
| 128|0x0000000750000000, 0x0000000750200000, 0x0000000750200000|100%| E|CS|TAMS 0x0000000750000000, 0x0000000750000000| Complete 
| 129|0x0000000750200000, 0x0000000750400000, 0x0000000750400000|100%| E|CS|TAMS 0x0000000750200000, 0x0000000750200000| Complete 
| 130|0x0000000750400000, 0x0000000750600000, 0x0000000750600000|100%| E|CS|TAMS 0x0000000750400000, 0x0000000750400000| Complete 
| 131|0x0000000750600000, 0x0000000750800000, 0x0000000750800000|100%| E|CS|TAMS 0x0000000750600000, 0x0000000750600000| Complete 
| 132|0x0000000750800000, 0x0000000750a00000, 0x0000000750a00000|100%| E|CS|TAMS 0x0000000750800000, 0x0000000750800000| Complete 
| 133|0x0000000750a00000, 0x0000000750c00000, 0x0000000750c00000|100%| E|CS|TAMS 0x0000000750a00000, 0x0000000750a00000| Complete 
|1534|0x00000007ffc00000, 0x00000007ffe00000, 0x00000007ffe00000|100%| O|  |TAMS 0x00000007ffe00000, 0x00000007ffe00000| Untracked 
|1535|0x00000007ffe00000, 0x0000000800000000, 0x0000000800000000|100%| O|  |TAMS 0x0000000800000000, 0x0000000800000000| Untracked 

Card table byte_map: [0x000001cc40ba0000,0x000001cc411a0000] _byte_map_base: 0x000001cc3d1a0000

Marking Bits (Prev, Next): (CMBitMap*) 0x000001cc275a6a40, (CMBitMap*) 0x000001cc275a6a80
 Prev Bits: [0x000001cc417a0000, 0x000001cc447a0000)
 Next Bits: [0x000001cc447a0000, 0x000001cc477a0000)

Polling page: 0x000001cc272c0000

Metaspace:

Usage:
  Non-class:     69.68 MB used.
      Class:     11.12 MB used.
       Both:     80.80 MB used.

Virtual space:
  Non-class space:      128.00 MB reserved,      70.12 MB ( 55%) committed,  2 nodes.
      Class space:        1.00 GB reserved,      11.44 MB (  1%) committed,  1 nodes.
             Both:        1.12 GB reserved,      81.56 MB (  7%) committed. 

Chunk freelists:
   Non-Class:  9.53 MB
       Class:  4.59 MB
        Both:  14.13 MB

MaxMetaspaceSize: unlimited
CompressedClassSpaceSize: 1.00 GB
Initial GC threshold: 21.00 MB
Current GC threshold: 105.62 MB
CDS: on
MetaspaceReclaimPolicy: balanced
 - commit_granule_bytes: 65536.
 - commit_granule_words: 8192.
 - virtual_space_node_default_size: 8388608.
 - enlarge_chunks_in_place: 1.
 - new_chunks_are_fully_committed: 0.
 - uncommit_free_chunks: 1.
 - use_allocation_guard: 0.
 - handle_deallocations: 1.


Internal statistics:

num_allocs_failed_limit: 9.
num_arena_births: 848.
num_arena_deaths: 0.
num_vsnodes_births: 3.
num_vsnodes_deaths: 0.
num_space_committed: 1305.
num_space_uncommitted: 0.
num_chunks_returned_to_freelist: 9.
num_chunks_taken_from_freelist: 4031.
num_chunk_merges: 9.
num_chunk_splits: 2619.
num_chunks_enlarged: 1714.
num_inconsistent_stats: 0.

CodeHeap 'non-profiled nmethods': size=119168Kb used=8026Kb max_used=8026Kb free=111141Kb
 bounds [0x000001cc38180000, 0x000001cc38960000, 0x000001cc3f5e0000]
CodeHeap 'profiled nmethods': size=119104Kb used=25246Kb max_used=25246Kb free=93857Kb
 bounds [0x000001cc305e0000, 0x000001cc31e90000, 0x000001cc37a30000]
CodeHeap 'non-nmethods': size=7488Kb used=4154Kb max_used=4215Kb free=3333Kb
 bounds [0x000001cc37a30000, 0x000001cc37e60000, 0x000001cc38180000]
 total_blobs=12736 nmethods=11768 adapters=874
 compilation: enabled
              stopped_count=0, restarted_count=0
 full_count=0

Compilation events (20 events):
Event: 20.446 Thread 0x000001cc4a804690 nmethod 14012 0x000001cc38942e90 code [0x000001cc38943500, 0x000001cc38949380]
Event: 20.446 Thread 0x000001cc4a804690 14059       4       com.google.common.collect.ImmutableSet::copyOf (76 bytes)
Event: 20.449 Thread 0x000001cc4a804690 nmethod 14059 0x000001cc3894d590 code [0x000001cc3894d740, 0x000001cc3894daa8]
Event: 20.449 Thread 0x000001cc4a804690 14069       4       org.gradle.api.internal.cache.StringInterner::intern (20 bytes)
Event: 20.450 Thread 0x000001cc4a804690 nmethod 14069 0x000001cc3894dd10 code [0x000001cc3894dea0, 0x000001cc3894dfa8]
Event: 20.450 Thread 0x000001cc4a804690 14020       4       com.sun.tools.javac.comp.Attr$ResultInfo::<init> (13 bytes)
Event: 20.454 Thread 0x000001cc4a804690 nmethod 14020 0x000001cc3894e110 code [0x000001cc3894e280, 0x000001cc3894e778]
Event: 20.454 Thread 0x000001cc4a804690 14025       4       com.sun.tools.javac.code.Symbol$CompletionFailure::resetDiagnostic (11 bytes)
Event: 20.455 Thread 0x000001cc4a804690 nmethod 14025 0x000001cc3894e810 code [0x000001cc3894e980, 0x000001cc3894eb18]
Event: 20.455 Thread 0x000001cc4a804690 13999       4       com.sun.tools.javac.comp.Env::<init> (45 bytes)
Event: 20.457 Thread 0x000001cc4a804690 nmethod 13999 0x000001cc3894eb90 code [0x000001cc3894ed00, 0x000001cc3894f118]
Event: 20.457 Thread 0x000001cc4a804690 14024       4       com.sun.tools.javac.comp.Env::dup (14 bytes)
Event: 20.458 Thread 0x000001cc4a804690 nmethod 14024 0x000001cc3894f190 code [0x000001cc3894f320, 0x000001cc3894f458]
Event: 20.458 Thread 0x000001cc4a804690 13995   !   4       com.sun.tools.javac.comp.LambdaToMethod::translate (35 bytes)
Event: 20.460 Thread 0x000001cc4a804690 nmethod 13995 0x000001cc3894f510 code [0x000001cc3894f680, 0x000001cc3894fa38]
Event: 20.460 Thread 0x000001cc4a804690 13996       4       com.sun.tools.javac.comp.LambdaToMethod::translate (32 bytes)
Event: 20.466 Thread 0x000001cc4a804690 nmethod 13996 0x000001cc3894fb10 code [0x000001cc3894fcc0, 0x000001cc38950388]
Event: 20.467 Thread 0x000001cc4a804690 14032   !   4       com.sun.tools.javac.comp.TransTypes::translate (35 bytes)
Event: 20.468 Thread 0x000001cc4a804690 nmethod 14032 0x000001cc38950710 code [0x000001cc38950880, 0x000001cc38950c38]
Event: 20.468 Thread 0x000001cc4a804690 13973       4       com.sun.tools.javac.code.Types$DescriptorFilter::test (82 bytes)

GC Heap History (20 events):
Event: 10.476 GC heap before
{Heap before GC invocations=28 (full 0):
 garbage-first heap   total 153600K, used 88160K [0x0000000740000000, 0x0000000800000000)
  region size 2048K, 4 young (8192K), 2 survivors (4096K)
 Metaspace       used 65195K, committed 65792K, reserved 1114112K
  class space    used 9127K, committed 9408K, reserved 1048576K
}
Event: 10.478 GC heap after
{Heap after GC invocations=29 (full 0):
 garbage-first heap   total 153600K, used 63762K [0x0000000740000000, 0x0000000800000000)
  region size 2048K, 2 young (4096K), 2 survivors (4096K)
 Metaspace       used 65195K, committed 65792K, reserved 1114112K
  class space    used 9127K, committed 9408K, reserved 1048576K
}
Event: 10.489 GC heap before
{Heap before GC invocations=29 (full 0):
 garbage-first heap   total 153600K, used 67858K [0x0000000740000000, 0x0000000800000000)
  region size 2048K, 4 young (8192K), 2 survivors (4096K)
 Metaspace       used 65198K, committed 65792K, reserved 1114112K
  class space    used 9127K, committed 9408K, reserved 1048576K
}
Event: 10.491 GC heap after
{Heap after GC invocations=30 (full 0):
 garbage-first heap   total 153600K, used 63857K [0x0000000740000000, 0x0000000800000000)
  region size 2048K, 2 young (4096K), 2 survivors (4096K)
 Metaspace       used 65198K, committed 65792K, reserved 1114112K
  class space    used 9127K, committed 9408K, reserved 1048576K
}
Event: 10.522 GC heap before
{Heap before GC invocations=30 (full 0):
 garbage-first heap   total 153600K, used 88433K [0x0000000740000000, 0x0000000800000000)
  region size 2048K, 4 young (8192K), 2 survivors (4096K)
 Metaspace       used 65205K, committed 65856K, reserved 1114112K
  class space    used 9128K, committed 9408K, reserved 1048576K
}
Event: 10.524 GC heap after
{Heap after GC invocations=31 (full 0):
 garbage-first heap   total 153600K, used 63857K [0x0000000740000000, 0x0000000800000000)
  region size 2048K, 2 young (4096K), 2 survivors (4096K)
 Metaspace       used 65205K, committed 65856K, reserved 1114112K
  class space    used 9128K, committed 9408K, reserved 1048576K
}
Event: 11.417 GC heap before
{Heap before GC invocations=31 (full 0):
 garbage-first heap   total 153600K, used 131441K [0x0000000740000000, 0x0000000800000000)
  region size 2048K, 33 young (67584K), 2 survivors (4096K)
 Metaspace       used 68891K, committed 69632K, reserved 1114112K
  class space    used 9825K, committed 10176K, reserved 1048576K
}
Event: 11.423 GC heap after
{Heap after GC invocations=32 (full 0):
 garbage-first heap   total 278528K, used 69929K [0x0000000740000000, 0x0000000800000000)
  region size 2048K, 5 young (10240K), 5 survivors (10240K)
 Metaspace       used 68891K, committed 69632K, reserved 1114112K
  class space    used 9825K, committed 10176K, reserved 1048576K
}
Event: 11.839 GC heap before
{Heap before GC invocations=32 (full 0):
 garbage-first heap   total 278528K, used 145705K [0x0000000740000000, 0x0000000800000000)
  region size 2048K, 13 young (26624K), 5 survivors (10240K)
 Metaspace       used 69319K, committed 70080K, reserved 1114112K
  class space    used 9881K, committed 10240K, reserved 1048576K
}
Event: 11.843 GC heap after
{Heap after GC invocations=33 (full 0):
 garbage-first heap   total 278528K, used 71382K [0x0000000740000000, 0x0000000800000000)
  region size 2048K, 6 young (12288K), 6 survivors (12288K)
 Metaspace       used 69319K, committed 70080K, reserved 1114112K
  class space    used 9881K, committed 10240K, reserved 1048576K
}
Event: 11.980 GC heap before
{Heap before GC invocations=33 (full 0):
 garbage-first heap   total 278528K, used 132822K [0x0000000740000000, 0x0000000800000000)
  region size 2048K, 11 young (22528K), 6 survivors (12288K)
 Metaspace       used 69587K, committed 70336K, reserved 1114112K
  class space    used 9881K, committed 10240K, reserved 1048576K
}
Event: 11.984 GC heap after
{Heap after GC invocations=34 (full 0):
 garbage-first heap   total 278528K, used 76829K [0x0000000740000000, 0x0000000800000000)
  region size 2048K, 6 young (12288K), 6 survivors (12288K)
 Metaspace       used 69587K, committed 70336K, reserved 1114112K
  class space    used 9881K, committed 10240K, reserved 1048576K
}
Event: 12.041 GC heap before
{Heap before GC invocations=34 (full 0):
 garbage-first heap   total 278528K, used 140317K [0x0000000740000000, 0x0000000800000000)
  region size 2048K, 9 young (18432K), 6 survivors (12288K)
 Metaspace       used 69639K, committed 70400K, reserved 1114112K
  class space    used 9881K, committed 10240K, reserved 1048576K
}
Event: 12.045 GC heap after
{Heap after GC invocations=35 (full 0):
 garbage-first heap   total 278528K, used 72053K [0x0000000740000000, 0x0000000800000000)
  region size 2048K, 6 young (12288K), 6 survivors (12288K)
 Metaspace       used 69639K, committed 70400K, reserved 1114112K
  class space    used 9881K, committed 10240K, reserved 1048576K
}
Event: 16.425 GC heap before
{Heap before GC invocations=35 (full 0):
 garbage-first heap   total 278528K, used 237941K [0x0000000740000000, 0x0000000800000000)
  region size 2048K, 81 young (165888K), 6 survivors (12288K)
 Metaspace       used 77624K, committed 78336K, reserved 1179648K
  class space    used 10888K, committed 11200K, reserved 1048576K
}
Event: 16.440 GC heap after
{Heap after GC invocations=36 (full 0):
 garbage-first heap   total 278528K, used 99215K [0x0000000740000000, 0x0000000800000000)
  region size 2048K, 11 young (22528K), 11 survivors (22528K)
 Metaspace       used 77624K, committed 78336K, reserved 1179648K
  class space    used 10888K, committed 11200K, reserved 1048576K
}
Event: 17.754 GC heap before
{Heap before GC invocations=36 (full 0):
 garbage-first heap   total 278528K, used 217999K [0x0000000740000000, 0x0000000800000000)
  region size 2048K, 68 young (139264K), 11 survivors (22528K)
 Metaspace       used 78815K, committed 79616K, reserved 1179648K
  class space    used 10986K, committed 11328K, reserved 1048576K
}
Event: 17.775 GC heap after
{Heap after GC invocations=37 (full 0):
 garbage-first heap   total 278528K, used 132678K [0x0000000740000000, 0x0000000800000000)
  region size 2048K, 9 young (18432K), 9 survivors (18432K)
 Metaspace       used 78815K, committed 79616K, reserved 1179648K
  class space    used 10986K, committed 11328K, reserved 1048576K
}
Event: 19.337 GC heap before
{Heap before GC invocations=37 (full 0):
 garbage-first heap   total 278528K, used 212550K [0x0000000740000000, 0x0000000800000000)
  region size 2048K, 48 young (98304K), 9 survivors (18432K)
 Metaspace       used 82323K, committed 83136K, reserved 1179648K
  class space    used 11362K, committed 11712K, reserved 1048576K
}
Event: 19.344 GC heap after
{Heap after GC invocations=38 (full 0):
 garbage-first heap   total 278528K, used 140379K [0x0000000740000000, 0x0000000800000000)
  region size 2048K, 4 young (8192K), 4 survivors (8192K)
 Metaspace       used 82323K, committed 83136K, reserved 1179648K
  class space    used 11362K, committed 11712K, reserved 1048576K
}

Deoptimization events (20 events):
Event: 19.498 Thread 0x000001cc9504ca70 DEOPT PACKING pc=0x000001cc3874dbc8 sp=0x00000052385f7cd0
Event: 19.498 Thread 0x000001cc9504ca70 DEOPT UNPACKING pc=0x000001cc37a823a3 sp=0x00000052385f7c80 mode 2
Event: 19.498 Thread 0x000001cc9504ca70 Uncommon trap: trap_request=0xffffffc6 fr.pc=0x000001cc3874dbc8 relative=0x0000000000002ca8
Event: 19.498 Thread 0x000001cc9504ca70 Uncommon trap: reason=bimorphic_or_optimized_type_check action=maybe_recompile pc=0x000001cc3874dbc8 method=com.sun.tools.javac.code.Types.capture(Lcom/sun/tools/javac/code/Type;)Lcom/sun/tools/javac/code/Type; @ 537 c2
Event: 19.498 Thread 0x000001cc9504ca70 DEOPT PACKING pc=0x000001cc3874dbc8 sp=0x00000052385f7c10
Event: 19.498 Thread 0x000001cc9504ca70 DEOPT UNPACKING pc=0x000001cc37a823a3 sp=0x00000052385f7bc0 mode 2
Event: 19.498 Thread 0x000001cc9504ca70 Uncommon trap: trap_request=0xffffffc6 fr.pc=0x000001cc3874dbc8 relative=0x0000000000002ca8
Event: 19.498 Thread 0x000001cc9504ca70 Uncommon trap: reason=bimorphic_or_optimized_type_check action=maybe_recompile pc=0x000001cc3874dbc8 method=com.sun.tools.javac.code.Types.capture(Lcom/sun/tools/javac/code/Type;)Lcom/sun/tools/javac/code/Type; @ 537 c2
Event: 19.498 Thread 0x000001cc9504ca70 DEOPT PACKING pc=0x000001cc3874dbc8 sp=0x00000052385f80c0
Event: 19.498 Thread 0x000001cc9504ca70 DEOPT UNPACKING pc=0x000001cc37a823a3 sp=0x00000052385f8070 mode 2
Event: 19.769 Thread 0x000001cc9504ca70 DEOPT PACKING pc=0x000001cc31c27b76 sp=0x00000052385f6c10
Event: 19.769 Thread 0x000001cc9504ca70 DEOPT UNPACKING pc=0x000001cc37a82b43 sp=0x00000052385f60c8 mode 0
Event: 19.776 Thread 0x000001cc9504ca70 Uncommon trap: trap_request=0xffffff45 fr.pc=0x000001cc388ec3c8 relative=0x0000000000003ea8
Event: 19.776 Thread 0x000001cc9504ca70 Uncommon trap: reason=unstable_if action=reinterpret pc=0x000001cc388ec3c8 method=com.sun.tools.javac.comp.Attr.check(Lcom/sun/tools/javac/tree/JCTree;Lcom/sun/tools/javac/code/Type;Lcom/sun/tools/javac/code/Kinds$KindSelector;Lcom/sun/tools/javac/comp/At
Event: 19.776 Thread 0x000001cc9504ca70 DEOPT PACKING pc=0x000001cc388ec3c8 sp=0x00000052385f5850
Event: 19.776 Thread 0x000001cc9504ca70 DEOPT UNPACKING pc=0x000001cc37a823a3 sp=0x00000052385f58b0 mode 2
Event: 20.017 Thread 0x000001cc9504ca70 Uncommon trap: trap_request=0xffffff45 fr.pc=0x000001cc388f9608 relative=0x0000000000006428
Event: 20.017 Thread 0x000001cc9504ca70 Uncommon trap: reason=unstable_if action=reinterpret pc=0x000001cc388f9608 method=com.sun.tools.javac.comp.DeferredAttr$CheckStuckPolicy.<init>(Lcom/sun/tools/javac/comp/DeferredAttr;Lcom/sun/tools/javac/comp/Attr$ResultInfo;Lcom/sun/tools/javac/comp/Defe
Event: 20.017 Thread 0x000001cc9504ca70 DEOPT PACKING pc=0x000001cc388f9608 sp=0x00000052385f7fa0
Event: 20.017 Thread 0x000001cc9504ca70 DEOPT UNPACKING pc=0x000001cc37a823a3 sp=0x00000052385f7dc0 mode 2

Classes unloaded (0 events):
No events

Classes redefined (0 events):
No events

Internal exceptions (20 events):
Event: 19.645 Thread 0x000001cc9504ca70 Exception <a 'sun/nio/fs/WindowsException'{0x000000074f22ec58}> (0x000000074f22ec58) 
thrown [s\open\src\hotspot\share\prims\jni.cpp, line 516]
Event: 19.772 Thread 0x000001cc9504ca70 Exception <a 'sun/nio/fs/WindowsException'{0x000000074f2fd4c0}> (0x000000074f2fd4c0) 
thrown [s\open\src\hotspot\share\prims\jni.cpp, line 516]
Event: 19.943 Thread 0x000001cc9504ca70 Exception <a 'sun/nio/fs/WindowsException'{0x000000074f3bb508}> (0x000000074f3bb508) 
thrown [s\open\src\hotspot\share\prims\jni.cpp, line 516]
Event: 19.943 Thread 0x000001cc9504ca70 Exception <a 'sun/nio/fs/WindowsException'{0x000000074f3bb920}> (0x000000074f3bb920) 
thrown [s\open\src\hotspot\share\prims\jni.cpp, line 516]
Event: 19.945 Thread 0x000001cc9504ca70 Exception <a 'sun/nio/fs/WindowsException'{0x000000074f3d8f08}> (0x000000074f3d8f08) 
thrown [s\open\src\hotspot\share\prims\jni.cpp, line 516]
Event: 19.945 Thread 0x000001cc9504ca70 Exception <a 'sun/nio/fs/WindowsException'{0x000000074f3d92f8}> (0x000000074f3d92f8) 
thrown [s\open\src\hotspot\share\prims\jni.cpp, line 516]
Event: 19.964 Thread 0x000001cc9504ca70 Exception <a 'sun/nio/fs/WindowsException'{0x000000074f0ff180}> (0x000000074f0ff180) 
thrown [s\open\src\hotspot\share\prims\jni.cpp, line 516]
Event: 19.964 Thread 0x000001cc9504ca70 Exception <a 'sun/nio/fs/WindowsException'{0x000000074f0ff550}> (0x000000074f0ff550) 
thrown [s\open\src\hotspot\share\prims\jni.cpp, line 516]
Event: 19.966 Thread 0x000001cc9504ca70 Exception <a 'sun/nio/fs/WindowsException'{0x000000074f120948}> (0x000000074f120948) 
thrown [s\open\src\hotspot\share\prims\jni.cpp, line 516]
Event: 19.966 Thread 0x000001cc9504ca70 Exception <a 'sun/nio/fs/WindowsException'{0x000000074f120d08}> (0x000000074f120d08) 
thrown [s\open\src\hotspot\share\prims\jni.cpp, line 516]
Event: 19.968 Thread 0x000001cc9504ca70 Exception <a 'sun/nio/fs/WindowsException'{0x000000074f137538}> (0x000000074f137538) 
thrown [s\open\src\hotspot\share\prims\jni.cpp, line 516]
Event: 19.968 Thread 0x000001cc9504ca70 Exception <a 'sun/nio/fs/WindowsException'{0x000000074f137940}> (0x000000074f137940) 
thrown [s\open\src\hotspot\share\prims\jni.cpp, line 516]
Event: 19.980 Thread 0x000001cc9504ca70 Exception <a 'sun/nio/fs/WindowsException'{0x000000074f1b2fe8}> (0x000000074f1b2fe8) 
thrown [s\open\src\hotspot\share\prims\jni.cpp, line 516]
Event: 19.984 Thread 0x000001cc9504ca70 Exception <a 'sun/nio/fs/WindowsException'{0x000000074f1cca60}> (0x000000074f1cca60) 
thrown [s\open\src\hotspot\share\prims\jni.cpp, line 516]
Event: 20.006 Thread 0x000001cc9504ca70 Exception <a 'sun/nio/fs/WindowsException'{0x000000074eeb6a10}> (0x000000074eeb6a10) 
thrown [s\open\src\hotspot\share\prims\jni.cpp, line 516]
Event: 20.021 Thread 0x000001cc9504ca70 Exception <a 'sun/nio/fs/WindowsException'{0x000000074ef863e8}> (0x000000074ef863e8) 
thrown [s\open\src\hotspot\share\prims\jni.cpp, line 516]
Event: 20.021 Thread 0x000001cc9504ca70 Exception <a 'sun/nio/fs/WindowsException'{0x000000074ef86848}> (0x000000074ef86848) 
thrown [s\open\src\hotspot\share\prims\jni.cpp, line 516]
Event: 20.023 Thread 0x000001cc9504ca70 Exception <a 'sun/nio/fs/WindowsException'{0x000000074ef9d680}> (0x000000074ef9d680) 
thrown [s\open\src\hotspot\share\prims\jni.cpp, line 516]
Event: 20.024 Thread 0x000001cc9504ca70 Exception <a 'sun/nio/fs/WindowsException'{0x000000074ef9dae8}> (0x000000074ef9dae8) 
thrown [s\open\src\hotspot\share\prims\jni.cpp, line 516]
Event: 20.071 Thread 0x000001cc9504ca70 Exception <a 'sun/nio/fs/WindowsException'{0x000000074eb440c0}> (0x000000074eb440c0) 
thrown [s\open\src\hotspot\share\prims\jni.cpp, line 516]

VM Operations (20 events):
Event: 18.862 Executing VM operation: ICBufferFull
Event: 18.862 Executing VM operation: ICBufferFull done
Event: 19.169 Executing VM operation: ICBufferFull
Event: 19.169 Executing VM operation: ICBufferFull done
Event: 19.173 Executing VM operation: HandshakeAllThreads
Event: 19.173 Executing VM operation: HandshakeAllThreads done
Event: 19.319 Executing VM operation: ICBufferFull
Event: 19.319 Executing VM operation: ICBufferFull done
Event: 19.337 Executing VM operation: G1CollectForAllocation
Event: 19.344 Executing VM operation: G1CollectForAllocation done
Event: 19.765 Executing VM operation: ICBufferFull
Event: 19.765 Executing VM operation: ICBufferFull done
Event: 19.975 Executing VM operation: ICBufferFull
Event: 19.975 Executing VM operation: ICBufferFull done
Event: 20.019 Executing VM operation: HandshakeAllThreads
Event: 20.020 Executing VM operation: HandshakeAllThreads done
Event: 20.057 Executing VM operation: HandshakeAllThreads
Event: 20.058 Executing VM operation: HandshakeAllThreads done
Event: 20.086 Executing VM operation: HandshakeAllThreads
Event: 20.086 Executing VM operation: HandshakeAllThreads done

Events (20 events):
Event: 18.735 Thread 0x000001cc4a80a780 flushing nmethod 0x000001cc31cbe110
Event: 18.735 Thread 0x000001cc4a80a780 flushing nmethod 0x000001cc31d6e410
Event: 18.896 loading class java/util/stream/Nodes$IntFixedNodeBuilder
Event: 18.897 loading class java/util/stream/Node$Builder$OfInt
Event: 18.897 loading class java/util/stream/Node$Builder$OfInt done
Event: 18.897 loading class java/util/stream/Nodes$IntArrayNode
Event: 18.897 loading class java/util/stream/Nodes$IntArrayNode done
Event: 18.897 loading class java/util/stream/Nodes$IntFixedNodeBuilder done
Event: 19.945 Thread 0x000001cc92225ae0 Thread exited: 0x000001cc92225ae0
Event: 19.962 Thread 0x000001cc962cb870 Thread added: 0x000001cc962cb870
Event: 20.078 loading class java/text/MessageFormat
Event: 20.080 loading class java/text/MessageFormat done
Event: 20.080 loading class java/text/MessageFormat$Field
Event: 20.080 loading class java/text/MessageFormat$Field done
Event: 20.084 loading class java/util/EnumMap$Values
Event: 20.084 loading class java/util/EnumMap$Values done
Event: 20.084 loading class java/util/EnumMap$ValueIterator
Event: 20.084 loading class java/util/EnumMap$ValueIterator done
Event: 20.177 loading class java/util/PriorityQueue
Event: 20.216 loading class java/util/PriorityQueue done


Dynamic libraries:
0x00007ff7eaa70000 - 0x00007ff7eaa80000 	C:\Program Files\Java\jdk-17\bin\java.exe
0x00007ffaea970000 - 0x00007ffaeab86000 	C:\WINDOWS\SYSTEM32\ntdll.dll
0x00007ffae8a00000 - 0x00007ffae8ac4000 	C:\WINDOWS\System32\KERNEL32.DLL
0x00007ffae7de0000 - 0x00007ffae8186000 	C:\WINDOWS\System32\KERNELBASE.dll
0x00007ffae8210000 - 0x00007ffae8321000 	C:\WINDOWS\System32\ucrtbase.dll
0x00007ffad6d70000 - 0x00007ffad6d8b000 	C:\Program Files\Java\jdk-17\bin\VCRUNTIME140.dll
0x00007ffad6d90000 - 0x00007ffad6da9000 	C:\Program Files\Java\jdk-17\bin\jli.dll
0x00007ffae8940000 - 0x00007ffae89f2000 	C:\WINDOWS\System32\ADVAPI32.dll
0x00007ffaea250000 - 0x00007ffaea2f7000 	C:\WINDOWS\System32\msvcrt.dll
0x00007ffaea140000 - 0x00007ffaea1e8000 	C:\WINDOWS\System32\sechost.dll
0x00007ffae84f0000 - 0x00007ffae8518000 	C:\WINDOWS\System32\bcrypt.dll
0x00007ffaea7d0000 - 0x00007ffaea8e5000 	C:\WINDOWS\System32\RPCRT4.dll
0x00007ffae9610000 - 0x00007ffae97bd000 	C:\WINDOWS\System32\USER32.dll
0x00007ffae8690000 - 0x00007ffae86b6000 	C:\WINDOWS\System32\win32u.dll
0x00007ffaea8f0000 - 0x00007ffaea919000 	C:\WINDOWS\System32\GDI32.dll
0x00007ffae0820000 - 0x00007ffae0ab3000 	C:\WINDOWS\WinSxS\amd64_microsoft.windows.common-controls_6595b64144ccf1df_6.0.22621.3235_none_270f74e173860f98\COMCTL32.dll
0x00007ffae8330000 - 0x00007ffae8448000 	C:\WINDOWS\System32\gdi32full.dll
0x00007ffae8450000 - 0x00007ffae84ea000 	C:\WINDOWS\System32\msvcp_win.dll
0x00007ffade5a0000 - 0x00007ffade5aa000 	C:\WINDOWS\SYSTEM32\VERSION.dll
0x00007ffaea300000 - 0x00007ffaea331000 	C:\WINDOWS\System32\IMM32.DLL
0x00007ffae2dd0000 - 0x00007ffae2ddc000 	C:\Program Files\Java\jdk-17\bin\vcruntime140_1.dll
0x00007ffa7abc0000 - 0x00007ffa7ac4e000 	C:\Program Files\Java\jdk-17\bin\msvcp140.dll
0x00007ffa67020000 - 0x00007ffa67c01000 	C:\Program Files\Java\jdk-17\bin\server\jvm.dll
0x00007ffae9a10000 - 0x00007ffae9a18000 	C:\WINDOWS\System32\PSAPI.DLL
0x00007ffae0b80000 - 0x00007ffae0bb4000 	C:\WINDOWS\SYSTEM32\WINMM.dll
0x00007ffae1af0000 - 0x00007ffae1af9000 	C:\WINDOWS\SYSTEM32\WSOCK32.dll
0x00007ffae9980000 - 0x00007ffae99f1000 	C:\WINDOWS\System32\WS2_32.dll
0x00007ffae6da0000 - 0x00007ffae6db8000 	C:\WINDOWS\SYSTEM32\kernel.appcore.dll
0x00007ffae1b10000 - 0x00007ffae1b1a000 	C:\Program Files\Java\jdk-17\bin\jimage.dll
0x00007ffae54a0000 - 0x00007ffae56d3000 	C:\WINDOWS\SYSTEM32\DBGHELP.DLL
0x00007ffaea340000 - 0x00007ffaea6c8000 	C:\WINDOWS\System32\combase.dll
0x00007ffae9330000 - 0x00007ffae9407000 	C:\WINDOWS\System32\OLEAUT32.dll
0x00007ffadd6f0000 - 0x00007ffadd722000 	C:\WINDOWS\SYSTEM32\dbgcore.DLL
0x00007ffae8190000 - 0x00007ffae820a000 	C:\WINDOWS\System32\bcryptPrimitives.dll
0x00007ffad6440000 - 0x00007ffad644e000 	C:\Program Files\Java\jdk-17\bin\instrument.dll
0x00007ffad6be0000 - 0x00007ffad6c05000 	C:\Program Files\Java\jdk-17\bin\java.dll
0x00007ffa77d10000 - 0x00007ffa77de7000 	C:\Program Files\Java\jdk-17\bin\jsvml.dll
0x00007ffae8ad0000 - 0x00007ffae932d000 	C:\WINDOWS\System32\SHELL32.dll
0x00007ffae5aa0000 - 0x00007ffae6398000 	C:\WINDOWS\SYSTEM32\windows.storage.dll
0x00007ffae5960000 - 0x00007ffae5a9e000 	C:\WINDOWS\SYSTEM32\wintypes.dll
0x00007ffae9a20000 - 0x00007ffae9b13000 	C:\WINDOWS\System32\SHCORE.dll
0x00007ffae87b0000 - 0x00007ffae880e000 	C:\WINDOWS\System32\shlwapi.dll
0x00007ffae7be0000 - 0x00007ffae7c06000 	C:\WINDOWS\SYSTEM32\profapi.dll
0x00007ffa9f2b0000 - 0x00007ffa9f2c8000 	C:\Program Files\Java\jdk-17\bin\zip.dll
0x00007ffad6bc0000 - 0x00007ffad6bd9000 	C:\Program Files\Java\jdk-17\bin\net.dll
0x00007ffae0190000 - 0x00007ffae02c7000 	C:\WINDOWS\SYSTEM32\WINHTTP.dll
0x00007ffae7210000 - 0x00007ffae7279000 	C:\WINDOWS\system32\mswsock.dll
0x00007ffab9ac0000 - 0x00007ffab9ad6000 	C:\Program Files\Java\jdk-17\bin\nio.dll
0x00007ffabb3c0000 - 0x00007ffabb3d0000 	C:\Program Files\Java\jdk-17\bin\verify.dll
0x00007ffaa6410000 - 0x00007ffaa6437000 	C:\Users\mfauv\.gradle\native\68d5fa5c4cc2d200863cafc0d521ce42e7d3e7ee720ec0a83991735586a16f82\windows-amd64\native-platform.dll
0x00007ffa25940000 - 0x00007ffa25a84000 	C:\Users\mfauv\.gradle\native\e376f236ea51e6404a007f0833ffe2c6e607c4080706a723a18a27aeea778392\windows-amd64\native-platform-file-events.dll
0x00007ffad6430000 - 0x00007ffad643a000 	C:\Program Files\Java\jdk-17\bin\management.dll
0x00007ffab32a0000 - 0x00007ffab32ab000 	C:\Program Files\Java\jdk-17\bin\management_ext.dll
0x00007ffae74b0000 - 0x00007ffae74cb000 	C:\WINDOWS\SYSTEM32\CRYPTSP.dll
0x00007ffae6d00000 - 0x00007ffae6d35000 	C:\WINDOWS\system32\rsaenh.dll
0x00007ffae72b0000 - 0x00007ffae72dc000 	C:\WINDOWS\SYSTEM32\USERENV.dll
0x00007ffae7410000 - 0x00007ffae741c000 	C:\WINDOWS\SYSTEM32\CRYPTBASE.dll
0x00007ffae6720000 - 0x00007ffae674d000 	C:\WINDOWS\SYSTEM32\IPHLPAPI.DLL
0x00007ffae9a00000 - 0x00007ffae9a09000 	C:\WINDOWS\System32\NSI.dll
0x00007ffadffc0000 - 0x00007ffadffd9000 	C:\WINDOWS\SYSTEM32\dhcpcsvc6.DLL
0x00007ffadf930000 - 0x00007ffadf94f000 	C:\WINDOWS\SYSTEM32\dhcpcsvc.DLL
0x00007ffae6750000 - 0x00007ffae6849000 	C:\WINDOWS\SYSTEM32\DNSAPI.dll
0x00007ffab1f90000 - 0x00007ffab1f9e000 	C:\Program Files\Java\jdk-17\bin\sunmscapi.dll
0x00007ffae8520000 - 0x00007ffae8686000 	C:\WINDOWS\System32\CRYPT32.dll
0x00007ffae7650000 - 0x00007ffae767e000 	C:\WINDOWS\SYSTEM32\ncrypt.dll
0x00007ffae7610000 - 0x00007ffae7647000 	C:\WINDOWS\SYSTEM32\NTASN1.dll
0x00007ffaab390000 - 0x00007ffaab398000 	C:\WINDOWS\system32\wshunix.dll
0x00007ffaa4690000 - 0x00007ffaa46a7000 	C:\WINDOWS\system32\napinsp.dll
0x00007ffaa2470000 - 0x00007ffaa248b000 	C:\WINDOWS\system32\pnrpnsp.dll
0x00007ffaa2450000 - 0x00007ffaa2461000 	C:\WINDOWS\System32\winrnr.dll
0x00007ffade4f0000 - 0x00007ffade505000 	C:\WINDOWS\system32\wshbth.dll
0x00007ffaa2420000 - 0x00007ffaa2441000 	C:\WINDOWS\system32\nlansp_c.dll
0x0000000066d00000 - 0x0000000066d0b000 	C:\Program Files\National Instruments\Shared\mDNS Responder\nimdnsNSP.dll
0x0000000066ce0000 - 0x0000000066cf1000 	C:\WINDOWS\SYSTEM32\nimdnsResponder.dll
0x00007ffadffe0000 - 0x00007ffadffea000 	C:\Windows\System32\rasadhlp.dll
0x00007ffadfb80000 - 0x00007ffadfc03000 	C:\WINDOWS\System32\fwpuclnt.dll

dbghelp: loaded successfully - version: 4.0.5 - missing functions: none
symbol engine: initialized successfully - sym options: 0x614 - pdb path: .;C:\Program Files\Java\jdk-17\bin;C:\WINDOWS\SYSTEM32;C:\WINDOWS\WinSxS\amd64_microsoft.windows.common-controls_6595b64144ccf1df_6.0.22621.3235_none_270f74e173860f98;C:\Program Files\Java\jdk-17\bin\server;C:\Users\mfauv\.gradle\native\68d5fa5c4cc2d200863cafc0d521ce42e7d3e7ee720ec0a83991735586a16f82\windows-amd64;C:\Users\mfauv\.gradle\native\e376f236ea51e6404a007f0833ffe2c6e607c4080706a723a18a27aeea778392\windows-amd64;C:\Program Files\National Instruments\Shared\mDNS Responder

VM Arguments:
jvm_args: --add-opens=java.base/java.util=ALL-UNNAMED --add-opens=java.base/java.lang=ALL-UNNAMED --add-opens=java.base/java.lang.invoke=ALL-UNNAMED --add-opens=java.prefs/java.util.prefs=ALL-UNNAMED --add-opens=java.base/java.nio.charset=ALL-UNNAMED --add-opens=java.base/java.net=ALL-UNNAMED --add-opens=java.base/java.util.concurrent.atomic=ALL-UNNAMED -Xmx3G -Dfile.encoding=windows-1252 -Duser.country=GB -Duser.language=en -Duser.variant -javaagent:C:\Users\mfauv\.gradle\wrapper\dists\gradle-8.1.1-bin\9wiye5v2saajue4irfo8ybqfp\gradle-8.1.1\lib\agents\gradle-instrumentation-agent-8.1.1.jar 
java_command: org.gradle.launcher.daemon.bootstrap.GradleDaemon 8.1.1
java_class_path (initial): C:\Users\mfauv\.gradle\wrapper\dists\gradle-8.1.1-bin\9wiye5v2saajue4irfo8ybqfp\gradle-8.1.1\lib\gradle-launcher-8.1.1.jar
Launcher Type: SUN_STANDARD

[Global flags]
     intx CICompilerCount                          = 12                                        {product} {ergonomic}
     uint ConcGCThreads                            = 3                                         {product} {ergonomic}
     uint G1ConcRefinementThreads                  = 13                                        {product} {ergonomic}
   size_t G1HeapRegionSize                         = 2097152                                   {product} {ergonomic}
    uintx GCDrainStackTargetSize                   = 64                                        {product} {ergonomic}
   size_t InitialHeapSize                          = 264241152                                 {product} {ergonomic}
   size_t MarkStackSize                            = 4194304                                   {product} {ergonomic}
   size_t MaxHeapSize                              = 3221225472                                {product} {command line}
   size_t MaxNewSize                               = 1931476992                                {product} {ergonomic}
   size_t MinHeapDeltaBytes                        = 2097152                                   {product} {ergonomic}
   size_t MinHeapSize                              = 8388608                                   {product} {ergonomic}
    uintx NonNMethodCodeHeapSize                   = 7602480                                {pd product} {ergonomic}
    uintx NonProfiledCodeHeapSize                  = 122027880                              {pd product} {ergonomic}
    uintx ProfiledCodeHeapSize                     = 122027880                              {pd product} {ergonomic}
    uintx ReservedCodeCacheSize                    = 251658240                              {pd product} {ergonomic}
     bool SegmentedCodeCache                       = true                                      {product} {ergonomic}
   size_t SoftMaxHeapSize                          = 3221225472                             {manageable} {ergonomic}
     bool UseCompressedClassPointers               = true                           {product lp64_product} {ergonomic}
     bool UseCompressedOops                        = true                           {product lp64_product} {ergonomic}
     bool UseG1GC                                  = true                                      {product} {ergonomic}
     bool UseLargePagesIndividualAllocation        = false                                  {pd product} {ergonomic}

Logging:
Log output configuration:
 #0: stdout all=warning uptime,level,tags
 #1: stderr all=off uptime,level,tags

Environment Variables:
JAVA_HOME=C:\Program Files\Java\jdk1.8.0_202
PATH=C:\Program Files\Eclipse Adoptium\jdk-17.0.7.7-hotspot\bin;C:\Program Files\Common Files\Oracle\Java\javapath;C:\Program Files (x86)\Common Files\Oracle\Java\javapath;C:\Windows\system32;C:\Windows;C:\Windows\System32\Wbem;C:\Windows\System32\WindowsPowerShell\v1.0\;C:\Windows\System32\OpenSSH\;C:\Program Files (x86)\NVIDIA Corporation\PhysX\Common;C:\Program Files\NVIDIA Corporation\NVIDIA NvDLISR;C:\ProgramData\chocolatey\bin;"C:\Program Files\Git\bin\git.exe;C:\WINDOWS\system32;C:\WINDOWS;C:\WINDOWS\System32\Wbem;C:\WINDOWS\System32\WindowsPowerShell\v1.0\;C:\WINDOWS\System32\OpenSSH\;C:\Program Files (x86)\GtkSharp\2.12\bin;C:\Program Files\dotnet\;C:\Program Files\Git\cmd;C:\Program Files\Git\mingw64\bin;C:\Program Files\Git\usr\bin";C:\Program Files\Git\git-bash.exe;C:\Program Files\Git\git-cmd.exe;C:\Program Files (x86)\IVI Foundation\VISA\WinNT\Bin\;C:\Program Files\IVI Foundation\VISA\Win64\Bin\;C:\Program Files (x86)\IVI Foundation\VISA\WinNT\Bin;C:\Users\mfauv\AppData\Local\Programs\Python\Python310\Scripts\;C:\Users\mfauv\AppData\Local\Programs\Python\Python310\;C:\Users\mfauv\AppData\Local\Microsoft\WindowsApps;C:\Users\mfauv\AppData\Local\GitHubDesktop\bin;;C:\Users\mfauv\AppData\Local\Programs\Microsoft VS Code\bin
USERNAME=mfauv
OS=Windows_NT
PROCESSOR_IDENTIFIER=Intel64 Family 6 Model 154 Stepping 3, GenuineIntel



---------------  S Y S T E M  ---------------

OS:
 Windows 11 , 64 bit Build 22621 (10.0.22621.3235)
OS uptime: 6 days 22:50 hours
Hyper-V role detected

CPU: total 16 (initial active 16) (8 cores per cpu, 2 threads per core) family 6 model 154 stepping 3 microcode 0x429, cx8, cmov, fxsr, ht, mmx, 3dnowpref, sse, sse2, sse3, ssse3, sse4.1, sse4.2, popcnt, lzcnt, tsc, tscinvbit, avx, avx2, aes, erms, clmul, bmi1, bmi2, adx, sha, fma, vzeroupper, clflush, clflushopt, clwb, hv

Memory: 4k page, system-wide physical 16004M (787M free)
TotalPageFile size 65156M (AvailPageFile size 56M)
current process WorkingSet (physical memory assigned to process): 637M, peak: 652M
current process commit charge ("private bytes"): 690M, peak: 711M

vm_info: Java HotSpot(TM) 64-Bit Server VM (17.0.9+11-LTS-201) for windows-amd64 JRE (17.0.9+11-LTS-201), built on Oct 10 2023 23:16:06 by "mach5one" with MS VC++ 17.1 (VS2022)

END.
